[2024-05-23T08:43:47.453+0000] {local_task_job_runner.py:120} INFO - ::group::Pre task execution logs
[2024-05-23T08:43:47.470+0000] {taskinstance.py:2076} INFO - Dependencies all met for dep_context=non-requeueable deps ti=<TaskInstance: Customer_Prosensity_DAG.create_prosensity_table manual__2024-05-23T08:43:41.223820+00:00 [queued]>
[2024-05-23T08:43:47.476+0000] {taskinstance.py:2076} INFO - Dependencies all met for dep_context=requeueable deps ti=<TaskInstance: Customer_Prosensity_DAG.create_prosensity_table manual__2024-05-23T08:43:41.223820+00:00 [queued]>
[2024-05-23T08:43:47.476+0000] {taskinstance.py:2306} INFO - Starting attempt 1 of 6
[2024-05-23T08:43:47.486+0000] {taskinstance.py:2330} INFO - Executing <Task(SQLExecuteQueryOperator): create_prosensity_table> on 2024-05-23 08:43:41.223820+00:00
[2024-05-23T08:43:47.493+0000] {warnings.py:110} WARNING - /home/***/.local/lib/python3.12/site-packages/***/task/task_runner/standard_task_runner.py:61: DeprecationWarning: This process (pid=314) is multi-threaded, use of fork() may lead to deadlocks in the child.
  pid = os.fork()

[2024-05-23T08:43:47.494+0000] {standard_task_runner.py:63} INFO - Started process 316 to run task
[2024-05-23T08:43:47.494+0000] {standard_task_runner.py:90} INFO - Running: ['***', 'tasks', 'run', 'Customer_Prosensity_DAG', 'create_prosensity_table', 'manual__2024-05-23T08:43:41.223820+00:00', '--job-id', '4414', '--raw', '--subdir', 'DAGS_FOLDER/dag_with_customer_sqlite3.py', '--cfg-path', '/tmp/tmp6fl6mdim']
[2024-05-23T08:43:47.495+0000] {standard_task_runner.py:91} INFO - Job 4414: Subtask create_prosensity_table
[2024-05-23T08:43:47.530+0000] {task_command.py:426} INFO - Running <TaskInstance: Customer_Prosensity_DAG.create_prosensity_table manual__2024-05-23T08:43:41.223820+00:00 [running]> on host cb453a136ab9
[2024-05-23T08:43:47.592+0000] {taskinstance.py:2648} INFO - Exporting env vars: AIRFLOW_CTX_DAG_OWNER='NhơnVõ' AIRFLOW_CTX_DAG_ID='Customer_Prosensity_DAG' AIRFLOW_CTX_TASK_ID='create_prosensity_table' AIRFLOW_CTX_EXECUTION_DATE='2024-05-23T08:43:41.223820+00:00' AIRFLOW_CTX_TRY_NUMBER='1' AIRFLOW_CTX_DAG_RUN_ID='manual__2024-05-23T08:43:41.223820+00:00'
[2024-05-23T08:43:47.594+0000] {taskinstance.py:430} INFO - ::endgroup::
[2024-05-23T08:43:47.595+0000] {sql.py:276} INFO - Executing: 
            CREATE TABLE IF NOT EXISTS Prosensity (
                user_ID TEXT,
                VIP_soon BOOLEAN,
                score REAL,
                FOREIGN KEY (user_ID) REFERENCES Account(user_ID)
            );
        
[2024-05-23T08:43:47.603+0000] {base.py:84} INFO - Using connection ID 'sqlite_default' for task execution.
[2024-05-23T08:43:47.612+0000] {base.py:84} INFO - Using connection ID 'sqlite_default' for task execution.
[2024-05-23T08:43:47.613+0000] {sql.py:470} INFO - Running statement: 
            CREATE TABLE IF NOT EXISTS Prosensity (
                user_ID TEXT,
                VIP_soon BOOLEAN,
                score REAL,
                FOREIGN KEY (user_ID) REFERENCES Account(user_ID)
            );
        , parameters: None
[2024-05-23T08:43:47.615+0000] {taskinstance.py:441} INFO - ::group::Post task execution logs
[2024-05-23T08:43:47.622+0000] {taskinstance.py:1206} INFO - Marking task as SUCCESS. dag_id=Customer_Prosensity_DAG, task_id=create_prosensity_table, run_id=manual__2024-05-23T08:43:41.223820+00:00, execution_date=20240523T084341, start_date=20240523T084347, end_date=20240523T084347
[2024-05-23T08:43:47.668+0000] {local_task_job_runner.py:240} INFO - Task exited with return code 0
[2024-05-23T08:43:47.689+0000] {taskinstance.py:3498} INFO - 1 downstream tasks scheduled from follow-on schedule check
[2024-05-23T08:43:47.691+0000] {local_task_job_runner.py:222} INFO - ::endgroup::
