[2024-05-25T04:43:25.081+0000] {local_task_job_runner.py:120} INFO - ::group::Pre task execution logs
[2024-05-25T04:43:25.095+0000] {taskinstance.py:2076} INFO - Dependencies all met for dep_context=non-requeueable deps ti=<TaskInstance: Customer_Prosensity_DAG.create_account_table manual__2024-05-25T04:43:22.435397+00:00 [queued]>
[2024-05-25T04:43:25.100+0000] {taskinstance.py:2076} INFO - Dependencies all met for dep_context=requeueable deps ti=<TaskInstance: Customer_Prosensity_DAG.create_account_table manual__2024-05-25T04:43:22.435397+00:00 [queued]>
[2024-05-25T04:43:25.101+0000] {taskinstance.py:2306} INFO - Starting attempt 1 of 6
[2024-05-25T04:43:25.109+0000] {taskinstance.py:2330} INFO - Executing <Task(SQLExecuteQueryOperator): create_account_table> on 2024-05-25 04:43:22.435397+00:00
[2024-05-25T04:43:25.114+0000] {warnings.py:110} WARNING - /home/***/.local/lib/python3.12/site-packages/***/task/task_runner/standard_task_runner.py:61: DeprecationWarning: This process (pid=74) is multi-threaded, use of fork() may lead to deadlocks in the child.
  pid = os.fork()

[2024-05-25T04:43:25.116+0000] {standard_task_runner.py:63} INFO - Started process 76 to run task
[2024-05-25T04:43:25.115+0000] {standard_task_runner.py:90} INFO - Running: ['***', 'tasks', 'run', 'Customer_Prosensity_DAG', 'create_account_table', 'manual__2024-05-25T04:43:22.435397+00:00', '--job-id', '4420', '--raw', '--subdir', 'DAGS_FOLDER/dag_with_customer_sqlite3.py', '--cfg-path', '/tmp/tmp0y3rhd2g']
[2024-05-25T04:43:25.116+0000] {standard_task_runner.py:91} INFO - Job 4420: Subtask create_account_table
[2024-05-25T04:43:25.149+0000] {task_command.py:426} INFO - Running <TaskInstance: Customer_Prosensity_DAG.create_account_table manual__2024-05-25T04:43:22.435397+00:00 [running]> on host cb453a136ab9
[2024-05-25T04:43:25.206+0000] {taskinstance.py:2648} INFO - Exporting env vars: AIRFLOW_CTX_DAG_OWNER='NhơnVõ' AIRFLOW_CTX_DAG_ID='Customer_Prosensity_DAG' AIRFLOW_CTX_TASK_ID='create_account_table' AIRFLOW_CTX_EXECUTION_DATE='2024-05-25T04:43:22.435397+00:00' AIRFLOW_CTX_TRY_NUMBER='1' AIRFLOW_CTX_DAG_RUN_ID='manual__2024-05-25T04:43:22.435397+00:00'
[2024-05-25T04:43:25.207+0000] {taskinstance.py:430} INFO - ::endgroup::
[2024-05-25T04:43:25.207+0000] {sql.py:276} INFO - Executing: 
            CREATE TABLE IF NOT EXISTS Account (
                username TEXT,
                password TEXT,
                user_ID TEXT PRIMARY KEY,
                gender CHAR(1),
                email TEXT,
                is_admin BOOLEAN,
                is_user BOOLEAN
            );
        
[2024-05-25T04:43:25.214+0000] {base.py:84} INFO - Using connection ID 'sqlite_default' for task execution.
[2024-05-25T04:43:25.223+0000] {base.py:84} INFO - Using connection ID 'sqlite_default' for task execution.
[2024-05-25T04:43:25.225+0000] {sql.py:470} INFO - Running statement: 
            CREATE TABLE IF NOT EXISTS Account (
                username TEXT,
                password TEXT,
                user_ID TEXT PRIMARY KEY,
                gender CHAR(1),
                email TEXT,
                is_admin BOOLEAN,
                is_user BOOLEAN
            );
        , parameters: None
[2024-05-25T04:43:25.226+0000] {taskinstance.py:441} INFO - ::group::Post task execution logs
[2024-05-25T04:43:25.232+0000] {taskinstance.py:1206} INFO - Marking task as SUCCESS. dag_id=Customer_Prosensity_DAG, task_id=create_account_table, run_id=manual__2024-05-25T04:43:22.435397+00:00, execution_date=20240525T044322, start_date=20240525T044325, end_date=20240525T044325
[2024-05-25T04:43:25.249+0000] {local_task_job_runner.py:240} INFO - Task exited with return code 0
[2024-05-25T04:43:25.267+0000] {taskinstance.py:3498} INFO - 1 downstream tasks scheduled from follow-on schedule check
[2024-05-25T04:43:25.268+0000] {local_task_job_runner.py:222} INFO - ::endgroup::
