[2024-05-23T08:43:44.232+0000] {local_task_job_runner.py:120} INFO - ::group::Pre task execution logs
[2024-05-23T08:43:44.248+0000] {taskinstance.py:2076} INFO - Dependencies all met for dep_context=non-requeueable deps ti=<TaskInstance: Customer_Prosensity_DAG.create_account_table manual__2024-05-23T08:43:41.223820+00:00 [queued]>
[2024-05-23T08:43:44.254+0000] {taskinstance.py:2076} INFO - Dependencies all met for dep_context=requeueable deps ti=<TaskInstance: Customer_Prosensity_DAG.create_account_table manual__2024-05-23T08:43:41.223820+00:00 [queued]>
[2024-05-23T08:43:44.255+0000] {taskinstance.py:2306} INFO - Starting attempt 1 of 6
[2024-05-23T08:43:44.265+0000] {taskinstance.py:2330} INFO - Executing <Task(SQLExecuteQueryOperator): create_account_table> on 2024-05-23 08:43:41.223820+00:00
[2024-05-23T08:43:44.271+0000] {warnings.py:110} WARNING - /home/***/.local/lib/python3.12/site-packages/***/task/task_runner/standard_task_runner.py:61: DeprecationWarning: This process (pid=308) is multi-threaded, use of fork() may lead to deadlocks in the child.
  pid = os.fork()

[2024-05-23T08:43:44.273+0000] {standard_task_runner.py:63} INFO - Started process 310 to run task
[2024-05-23T08:43:44.273+0000] {standard_task_runner.py:90} INFO - Running: ['***', 'tasks', 'run', 'Customer_Prosensity_DAG', 'create_account_table', 'manual__2024-05-23T08:43:41.223820+00:00', '--job-id', '4412', '--raw', '--subdir', 'DAGS_FOLDER/dag_with_customer_sqlite3.py', '--cfg-path', '/tmp/tmpiqiu9ghm']
[2024-05-23T08:43:44.274+0000] {standard_task_runner.py:91} INFO - Job 4412: Subtask create_account_table
[2024-05-23T08:43:44.310+0000] {task_command.py:426} INFO - Running <TaskInstance: Customer_Prosensity_DAG.create_account_table manual__2024-05-23T08:43:41.223820+00:00 [running]> on host cb453a136ab9
[2024-05-23T08:43:44.368+0000] {taskinstance.py:2648} INFO - Exporting env vars: AIRFLOW_CTX_DAG_OWNER='NhơnVõ' AIRFLOW_CTX_DAG_ID='Customer_Prosensity_DAG' AIRFLOW_CTX_TASK_ID='create_account_table' AIRFLOW_CTX_EXECUTION_DATE='2024-05-23T08:43:41.223820+00:00' AIRFLOW_CTX_TRY_NUMBER='1' AIRFLOW_CTX_DAG_RUN_ID='manual__2024-05-23T08:43:41.223820+00:00'
[2024-05-23T08:43:44.369+0000] {taskinstance.py:430} INFO - ::endgroup::
[2024-05-23T08:43:44.370+0000] {sql.py:276} INFO - Executing: 
            CREATE TABLE IF NOT EXISTS Account (
                username TEXT,
                password TEXT,
                user_ID TEXT PRIMARY KEY,
                gender CHAR(1),
                email TEXT,
                is_admin BOOLEAN,
                is_user BOOLEAN
            );
        
[2024-05-23T08:43:44.376+0000] {base.py:84} INFO - Using connection ID 'sqlite_default' for task execution.
[2024-05-23T08:43:44.385+0000] {base.py:84} INFO - Using connection ID 'sqlite_default' for task execution.
[2024-05-23T08:43:44.387+0000] {sql.py:470} INFO - Running statement: 
            CREATE TABLE IF NOT EXISTS Account (
                username TEXT,
                password TEXT,
                user_ID TEXT PRIMARY KEY,
                gender CHAR(1),
                email TEXT,
                is_admin BOOLEAN,
                is_user BOOLEAN
            );
        , parameters: None
[2024-05-23T08:43:44.388+0000] {taskinstance.py:441} INFO - ::group::Post task execution logs
[2024-05-23T08:43:44.396+0000] {taskinstance.py:1206} INFO - Marking task as SUCCESS. dag_id=Customer_Prosensity_DAG, task_id=create_account_table, run_id=manual__2024-05-23T08:43:41.223820+00:00, execution_date=20240523T084341, start_date=20240523T084344, end_date=20240523T084344
[2024-05-23T08:43:44.447+0000] {local_task_job_runner.py:240} INFO - Task exited with return code 0
[2024-05-23T08:43:44.467+0000] {taskinstance.py:3498} INFO - 1 downstream tasks scheduled from follow-on schedule check
[2024-05-23T08:43:44.469+0000] {local_task_job_runner.py:222} INFO - ::endgroup::
