[2024-05-25T04:42:25.265+0000] {processor.py:161} INFO - Started process (PID=74) to work on /home/airflow/.local/lib/python3.12/site-packages/airflow/example_dags/example_datasets.py
[2024-05-25T04:42:25.266+0000] {processor.py:830} INFO - Processing file /home/airflow/.local/lib/python3.12/site-packages/airflow/example_dags/example_datasets.py for tasks to queue
[2024-05-25T04:42:25.268+0000] {logging_mixin.py:188} INFO - [2024-05-25T04:42:25.268+0000] {dagbag.py:545} INFO - Filling up the DagBag from /home/airflow/.local/lib/python3.12/site-packages/airflow/example_dags/example_datasets.py
[2024-05-25T04:42:25.279+0000] {processor.py:840} INFO - DAG(s) 'dataset_produces_1', 'dataset_consumes_1_and_2', 'dataset_produces_2', 'consume_1_or_both_2_and_3_with_dataset_expressions', 'dataset_consumes_1_never_scheduled', 'dataset_consumes_unknown_never_scheduled', 'conditional_dataset_and_time_based_timetable', 'consume_1_and_2_with_dataset_expressions', 'dataset_consumes_1', 'consume_1_or_2_with_dataset_expressions' retrieved from /home/airflow/.local/lib/python3.12/site-packages/airflow/example_dags/example_datasets.py
[2024-05-25T04:42:25.313+0000] {logging_mixin.py:188} INFO - [2024-05-25T04:42:25.313+0000] {dag.py:3096} INFO - Sync 10 DAGs
[2024-05-25T04:42:25.331+0000] {logging_mixin.py:188} INFO - [2024-05-25T04:42:25.331+0000] {dag.py:3954} INFO - Setting next_dagrun for conditional_dataset_and_time_based_timetable to 2024-05-22 01:00:00+00:00, run_after=2024-05-22 01:00:00+00:00
[2024-05-25T04:42:25.334+0000] {logging_mixin.py:188} INFO - [2024-05-25T04:42:25.334+0000] {dag.py:3954} INFO - Setting next_dagrun for consume_1_and_2_with_dataset_expressions to None, run_after=None
[2024-05-25T04:42:25.336+0000] {logging_mixin.py:188} INFO - [2024-05-25T04:42:25.335+0000] {dag.py:3954} INFO - Setting next_dagrun for consume_1_or_2_with_dataset_expressions to None, run_after=None
[2024-05-25T04:42:25.337+0000] {logging_mixin.py:188} INFO - [2024-05-25T04:42:25.337+0000] {dag.py:3954} INFO - Setting next_dagrun for consume_1_or_both_2_and_3_with_dataset_expressions to None, run_after=None
[2024-05-25T04:42:25.338+0000] {logging_mixin.py:188} INFO - [2024-05-25T04:42:25.338+0000] {dag.py:3954} INFO - Setting next_dagrun for dataset_consumes_1 to None, run_after=None
[2024-05-25T04:42:25.339+0000] {logging_mixin.py:188} INFO - [2024-05-25T04:42:25.339+0000] {dag.py:3954} INFO - Setting next_dagrun for dataset_consumes_1_and_2 to None, run_after=None
[2024-05-25T04:42:25.340+0000] {logging_mixin.py:188} INFO - [2024-05-25T04:42:25.339+0000] {dag.py:3954} INFO - Setting next_dagrun for dataset_consumes_1_never_scheduled to None, run_after=None
[2024-05-25T04:42:25.341+0000] {logging_mixin.py:188} INFO - [2024-05-25T04:42:25.340+0000] {dag.py:3954} INFO - Setting next_dagrun for dataset_consumes_unknown_never_scheduled to None, run_after=None
[2024-05-25T04:42:25.342+0000] {logging_mixin.py:188} INFO - [2024-05-25T04:42:25.342+0000] {dag.py:3954} INFO - Setting next_dagrun for dataset_produces_1 to 2024-05-24 00:00:00+00:00, run_after=2024-05-25 00:00:00+00:00
[2024-05-25T04:42:25.343+0000] {logging_mixin.py:188} INFO - [2024-05-25T04:42:25.343+0000] {dag.py:3954} INFO - Setting next_dagrun for dataset_produces_2 to None, run_after=None
[2024-05-25T04:42:25.370+0000] {processor.py:183} INFO - Processing /home/airflow/.local/lib/python3.12/site-packages/airflow/example_dags/example_datasets.py took 0.109 seconds
[2024-05-25T04:42:56.148+0000] {processor.py:161} INFO - Started process (PID=134) to work on /home/airflow/.local/lib/python3.12/site-packages/airflow/example_dags/example_datasets.py
[2024-05-25T04:42:56.149+0000] {processor.py:830} INFO - Processing file /home/airflow/.local/lib/python3.12/site-packages/airflow/example_dags/example_datasets.py for tasks to queue
[2024-05-25T04:42:56.150+0000] {logging_mixin.py:188} INFO - [2024-05-25T04:42:56.150+0000] {dagbag.py:545} INFO - Filling up the DagBag from /home/airflow/.local/lib/python3.12/site-packages/airflow/example_dags/example_datasets.py
[2024-05-25T04:42:56.160+0000] {processor.py:840} INFO - DAG(s) 'dataset_consumes_unknown_never_scheduled', 'consume_1_and_2_with_dataset_expressions', 'consume_1_or_both_2_and_3_with_dataset_expressions', 'dataset_consumes_1_and_2', 'conditional_dataset_and_time_based_timetable', 'dataset_consumes_1_never_scheduled', 'consume_1_or_2_with_dataset_expressions', 'dataset_produces_1', 'dataset_produces_2', 'dataset_consumes_1' retrieved from /home/airflow/.local/lib/python3.12/site-packages/airflow/example_dags/example_datasets.py
[2024-05-25T04:42:56.195+0000] {logging_mixin.py:188} INFO - [2024-05-25T04:42:56.195+0000] {dag.py:3096} INFO - Sync 10 DAGs
[2024-05-25T04:42:56.213+0000] {logging_mixin.py:188} INFO - [2024-05-25T04:42:56.213+0000] {dag.py:3954} INFO - Setting next_dagrun for conditional_dataset_and_time_based_timetable to 2024-05-22 01:00:00+00:00, run_after=2024-05-22 01:00:00+00:00
[2024-05-25T04:42:56.216+0000] {logging_mixin.py:188} INFO - [2024-05-25T04:42:56.216+0000] {dag.py:3954} INFO - Setting next_dagrun for consume_1_and_2_with_dataset_expressions to None, run_after=None
[2024-05-25T04:42:56.217+0000] {logging_mixin.py:188} INFO - [2024-05-25T04:42:56.217+0000] {dag.py:3954} INFO - Setting next_dagrun for consume_1_or_2_with_dataset_expressions to None, run_after=None
[2024-05-25T04:42:56.218+0000] {logging_mixin.py:188} INFO - [2024-05-25T04:42:56.218+0000] {dag.py:3954} INFO - Setting next_dagrun for consume_1_or_both_2_and_3_with_dataset_expressions to None, run_after=None
[2024-05-25T04:42:56.219+0000] {logging_mixin.py:188} INFO - [2024-05-25T04:42:56.219+0000] {dag.py:3954} INFO - Setting next_dagrun for dataset_consumes_1 to None, run_after=None
[2024-05-25T04:42:56.220+0000] {logging_mixin.py:188} INFO - [2024-05-25T04:42:56.220+0000] {dag.py:3954} INFO - Setting next_dagrun for dataset_consumes_1_and_2 to None, run_after=None
[2024-05-25T04:42:56.221+0000] {logging_mixin.py:188} INFO - [2024-05-25T04:42:56.221+0000] {dag.py:3954} INFO - Setting next_dagrun for dataset_consumes_1_never_scheduled to None, run_after=None
[2024-05-25T04:42:56.222+0000] {logging_mixin.py:188} INFO - [2024-05-25T04:42:56.222+0000] {dag.py:3954} INFO - Setting next_dagrun for dataset_consumes_unknown_never_scheduled to None, run_after=None
[2024-05-25T04:42:56.224+0000] {logging_mixin.py:188} INFO - [2024-05-25T04:42:56.224+0000] {dag.py:3954} INFO - Setting next_dagrun for dataset_produces_1 to 2024-05-24 00:00:00+00:00, run_after=2024-05-25 00:00:00+00:00
[2024-05-25T04:42:56.225+0000] {logging_mixin.py:188} INFO - [2024-05-25T04:42:56.225+0000] {dag.py:3954} INFO - Setting next_dagrun for dataset_produces_2 to None, run_after=None
[2024-05-25T04:42:56.247+0000] {processor.py:183} INFO - Processing /home/airflow/.local/lib/python3.12/site-packages/airflow/example_dags/example_datasets.py took 0.102 seconds
[2024-05-25T04:43:26.680+0000] {processor.py:161} INFO - Started process (PID=194) to work on /home/airflow/.local/lib/python3.12/site-packages/airflow/example_dags/example_datasets.py
[2024-05-25T04:43:26.681+0000] {processor.py:830} INFO - Processing file /home/airflow/.local/lib/python3.12/site-packages/airflow/example_dags/example_datasets.py for tasks to queue
[2024-05-25T04:43:26.682+0000] {logging_mixin.py:188} INFO - [2024-05-25T04:43:26.682+0000] {dagbag.py:545} INFO - Filling up the DagBag from /home/airflow/.local/lib/python3.12/site-packages/airflow/example_dags/example_datasets.py
[2024-05-25T04:43:26.691+0000] {processor.py:840} INFO - DAG(s) 'dataset_produces_1', 'dataset_consumes_1_and_2', 'consume_1_or_both_2_and_3_with_dataset_expressions', 'dataset_consumes_unknown_never_scheduled', 'dataset_consumes_1', 'consume_1_or_2_with_dataset_expressions', 'conditional_dataset_and_time_based_timetable', 'dataset_consumes_1_never_scheduled', 'consume_1_and_2_with_dataset_expressions', 'dataset_produces_2' retrieved from /home/airflow/.local/lib/python3.12/site-packages/airflow/example_dags/example_datasets.py
[2024-05-25T04:43:26.726+0000] {logging_mixin.py:188} INFO - [2024-05-25T04:43:26.726+0000] {dag.py:3096} INFO - Sync 10 DAGs
[2024-05-25T04:43:26.744+0000] {logging_mixin.py:188} INFO - [2024-05-25T04:43:26.744+0000] {dag.py:3954} INFO - Setting next_dagrun for conditional_dataset_and_time_based_timetable to 2024-05-22 01:00:00+00:00, run_after=2024-05-22 01:00:00+00:00
[2024-05-25T04:43:26.747+0000] {logging_mixin.py:188} INFO - [2024-05-25T04:43:26.747+0000] {dag.py:3954} INFO - Setting next_dagrun for consume_1_and_2_with_dataset_expressions to None, run_after=None
[2024-05-25T04:43:26.748+0000] {logging_mixin.py:188} INFO - [2024-05-25T04:43:26.748+0000] {dag.py:3954} INFO - Setting next_dagrun for consume_1_or_2_with_dataset_expressions to None, run_after=None
[2024-05-25T04:43:26.749+0000] {logging_mixin.py:188} INFO - [2024-05-25T04:43:26.749+0000] {dag.py:3954} INFO - Setting next_dagrun for consume_1_or_both_2_and_3_with_dataset_expressions to None, run_after=None
[2024-05-25T04:43:26.750+0000] {logging_mixin.py:188} INFO - [2024-05-25T04:43:26.750+0000] {dag.py:3954} INFO - Setting next_dagrun for dataset_consumes_1 to None, run_after=None
[2024-05-25T04:43:26.751+0000] {logging_mixin.py:188} INFO - [2024-05-25T04:43:26.751+0000] {dag.py:3954} INFO - Setting next_dagrun for dataset_consumes_1_and_2 to None, run_after=None
[2024-05-25T04:43:26.752+0000] {logging_mixin.py:188} INFO - [2024-05-25T04:43:26.752+0000] {dag.py:3954} INFO - Setting next_dagrun for dataset_consumes_1_never_scheduled to None, run_after=None
[2024-05-25T04:43:26.753+0000] {logging_mixin.py:188} INFO - [2024-05-25T04:43:26.753+0000] {dag.py:3954} INFO - Setting next_dagrun for dataset_consumes_unknown_never_scheduled to None, run_after=None
[2024-05-25T04:43:26.755+0000] {logging_mixin.py:188} INFO - [2024-05-25T04:43:26.755+0000] {dag.py:3954} INFO - Setting next_dagrun for dataset_produces_1 to 2024-05-24 00:00:00+00:00, run_after=2024-05-25 00:00:00+00:00
[2024-05-25T04:43:26.756+0000] {logging_mixin.py:188} INFO - [2024-05-25T04:43:26.756+0000] {dag.py:3954} INFO - Setting next_dagrun for dataset_produces_2 to None, run_after=None
[2024-05-25T04:43:26.778+0000] {processor.py:183} INFO - Processing /home/airflow/.local/lib/python3.12/site-packages/airflow/example_dags/example_datasets.py took 0.102 seconds
[2024-05-25T04:43:57.230+0000] {processor.py:161} INFO - Started process (PID=254) to work on /home/airflow/.local/lib/python3.12/site-packages/airflow/example_dags/example_datasets.py
[2024-05-25T04:43:57.231+0000] {processor.py:830} INFO - Processing file /home/airflow/.local/lib/python3.12/site-packages/airflow/example_dags/example_datasets.py for tasks to queue
[2024-05-25T04:43:57.232+0000] {logging_mixin.py:188} INFO - [2024-05-25T04:43:57.232+0000] {dagbag.py:545} INFO - Filling up the DagBag from /home/airflow/.local/lib/python3.12/site-packages/airflow/example_dags/example_datasets.py
[2024-05-25T04:43:57.242+0000] {processor.py:840} INFO - DAG(s) 'consume_1_or_2_with_dataset_expressions', 'dataset_consumes_unknown_never_scheduled', 'dataset_produces_2', 'dataset_consumes_1', 'consume_1_and_2_with_dataset_expressions', 'dataset_produces_1', 'conditional_dataset_and_time_based_timetable', 'dataset_consumes_1_never_scheduled', 'consume_1_or_both_2_and_3_with_dataset_expressions', 'dataset_consumes_1_and_2' retrieved from /home/airflow/.local/lib/python3.12/site-packages/airflow/example_dags/example_datasets.py
[2024-05-25T04:43:57.277+0000] {logging_mixin.py:188} INFO - [2024-05-25T04:43:57.277+0000] {dag.py:3096} INFO - Sync 10 DAGs
[2024-05-25T04:43:57.295+0000] {logging_mixin.py:188} INFO - [2024-05-25T04:43:57.295+0000] {dag.py:3954} INFO - Setting next_dagrun for conditional_dataset_and_time_based_timetable to 2024-05-22 01:00:00+00:00, run_after=2024-05-22 01:00:00+00:00
[2024-05-25T04:43:57.298+0000] {logging_mixin.py:188} INFO - [2024-05-25T04:43:57.298+0000] {dag.py:3954} INFO - Setting next_dagrun for consume_1_and_2_with_dataset_expressions to None, run_after=None
[2024-05-25T04:43:57.300+0000] {logging_mixin.py:188} INFO - [2024-05-25T04:43:57.300+0000] {dag.py:3954} INFO - Setting next_dagrun for consume_1_or_2_with_dataset_expressions to None, run_after=None
[2024-05-25T04:43:57.301+0000] {logging_mixin.py:188} INFO - [2024-05-25T04:43:57.301+0000] {dag.py:3954} INFO - Setting next_dagrun for consume_1_or_both_2_and_3_with_dataset_expressions to None, run_after=None
[2024-05-25T04:43:57.302+0000] {logging_mixin.py:188} INFO - [2024-05-25T04:43:57.302+0000] {dag.py:3954} INFO - Setting next_dagrun for dataset_consumes_1 to None, run_after=None
[2024-05-25T04:43:57.303+0000] {logging_mixin.py:188} INFO - [2024-05-25T04:43:57.303+0000] {dag.py:3954} INFO - Setting next_dagrun for dataset_consumes_1_and_2 to None, run_after=None
[2024-05-25T04:43:57.304+0000] {logging_mixin.py:188} INFO - [2024-05-25T04:43:57.304+0000] {dag.py:3954} INFO - Setting next_dagrun for dataset_consumes_1_never_scheduled to None, run_after=None
[2024-05-25T04:43:57.305+0000] {logging_mixin.py:188} INFO - [2024-05-25T04:43:57.305+0000] {dag.py:3954} INFO - Setting next_dagrun for dataset_consumes_unknown_never_scheduled to None, run_after=None
[2024-05-25T04:43:57.306+0000] {logging_mixin.py:188} INFO - [2024-05-25T04:43:57.306+0000] {dag.py:3954} INFO - Setting next_dagrun for dataset_produces_1 to 2024-05-24 00:00:00+00:00, run_after=2024-05-25 00:00:00+00:00
[2024-05-25T04:43:57.308+0000] {logging_mixin.py:188} INFO - [2024-05-25T04:43:57.307+0000] {dag.py:3954} INFO - Setting next_dagrun for dataset_produces_2 to None, run_after=None
[2024-05-25T04:43:57.332+0000] {processor.py:183} INFO - Processing /home/airflow/.local/lib/python3.12/site-packages/airflow/example_dags/example_datasets.py took 0.105 seconds
[2024-05-25T04:44:27.698+0000] {processor.py:161} INFO - Started process (PID=314) to work on /home/airflow/.local/lib/python3.12/site-packages/airflow/example_dags/example_datasets.py
[2024-05-25T04:44:27.698+0000] {processor.py:830} INFO - Processing file /home/airflow/.local/lib/python3.12/site-packages/airflow/example_dags/example_datasets.py for tasks to queue
[2024-05-25T04:44:27.700+0000] {logging_mixin.py:188} INFO - [2024-05-25T04:44:27.700+0000] {dagbag.py:545} INFO - Filling up the DagBag from /home/airflow/.local/lib/python3.12/site-packages/airflow/example_dags/example_datasets.py
[2024-05-25T04:44:27.709+0000] {processor.py:840} INFO - DAG(s) 'dataset_consumes_unknown_never_scheduled', 'dataset_produces_1', 'dataset_produces_2', 'consume_1_and_2_with_dataset_expressions', 'consume_1_or_2_with_dataset_expressions', 'conditional_dataset_and_time_based_timetable', 'dataset_consumes_1_never_scheduled', 'dataset_consumes_1', 'consume_1_or_both_2_and_3_with_dataset_expressions', 'dataset_consumes_1_and_2' retrieved from /home/airflow/.local/lib/python3.12/site-packages/airflow/example_dags/example_datasets.py
[2024-05-25T04:44:27.743+0000] {logging_mixin.py:188} INFO - [2024-05-25T04:44:27.743+0000] {dag.py:3096} INFO - Sync 10 DAGs
[2024-05-25T04:44:27.761+0000] {logging_mixin.py:188} INFO - [2024-05-25T04:44:27.761+0000] {dag.py:3954} INFO - Setting next_dagrun for conditional_dataset_and_time_based_timetable to 2024-05-22 01:00:00+00:00, run_after=2024-05-22 01:00:00+00:00
[2024-05-25T04:44:27.764+0000] {logging_mixin.py:188} INFO - [2024-05-25T04:44:27.764+0000] {dag.py:3954} INFO - Setting next_dagrun for consume_1_and_2_with_dataset_expressions to None, run_after=None
[2024-05-25T04:44:27.765+0000] {logging_mixin.py:188} INFO - [2024-05-25T04:44:27.765+0000] {dag.py:3954} INFO - Setting next_dagrun for consume_1_or_2_with_dataset_expressions to None, run_after=None
[2024-05-25T04:44:27.766+0000] {logging_mixin.py:188} INFO - [2024-05-25T04:44:27.766+0000] {dag.py:3954} INFO - Setting next_dagrun for consume_1_or_both_2_and_3_with_dataset_expressions to None, run_after=None
[2024-05-25T04:44:27.768+0000] {logging_mixin.py:188} INFO - [2024-05-25T04:44:27.768+0000] {dag.py:3954} INFO - Setting next_dagrun for dataset_consumes_1 to None, run_after=None
[2024-05-25T04:44:27.769+0000] {logging_mixin.py:188} INFO - [2024-05-25T04:44:27.769+0000] {dag.py:3954} INFO - Setting next_dagrun for dataset_consumes_1_and_2 to None, run_after=None
[2024-05-25T04:44:27.770+0000] {logging_mixin.py:188} INFO - [2024-05-25T04:44:27.770+0000] {dag.py:3954} INFO - Setting next_dagrun for dataset_consumes_1_never_scheduled to None, run_after=None
[2024-05-25T04:44:27.771+0000] {logging_mixin.py:188} INFO - [2024-05-25T04:44:27.771+0000] {dag.py:3954} INFO - Setting next_dagrun for dataset_consumes_unknown_never_scheduled to None, run_after=None
[2024-05-25T04:44:27.773+0000] {logging_mixin.py:188} INFO - [2024-05-25T04:44:27.773+0000] {dag.py:3954} INFO - Setting next_dagrun for dataset_produces_1 to 2024-05-24 00:00:00+00:00, run_after=2024-05-25 00:00:00+00:00
[2024-05-25T04:44:27.774+0000] {logging_mixin.py:188} INFO - [2024-05-25T04:44:27.774+0000] {dag.py:3954} INFO - Setting next_dagrun for dataset_produces_2 to None, run_after=None
[2024-05-25T04:44:27.795+0000] {processor.py:183} INFO - Processing /home/airflow/.local/lib/python3.12/site-packages/airflow/example_dags/example_datasets.py took 0.101 seconds
