[2024-05-25T04:42:25.127+0000] {processor.py:161} INFO - Started process (PID=71) to work on /home/airflow/.local/lib/python3.12/site-packages/airflow/example_dags/example_latest_only.py
[2024-05-25T04:42:25.128+0000] {processor.py:830} INFO - Processing file /home/airflow/.local/lib/python3.12/site-packages/airflow/example_dags/example_latest_only.py for tasks to queue
[2024-05-25T04:42:25.129+0000] {logging_mixin.py:188} INFO - [2024-05-25T04:42:25.129+0000] {dagbag.py:545} INFO - Filling up the DagBag from /home/airflow/.local/lib/python3.12/site-packages/airflow/example_dags/example_latest_only.py
[2024-05-25T04:42:25.133+0000] {processor.py:840} INFO - DAG(s) 'latest_only' retrieved from /home/airflow/.local/lib/python3.12/site-packages/airflow/example_dags/example_latest_only.py
[2024-05-25T04:42:25.148+0000] {logging_mixin.py:188} INFO - [2024-05-25T04:42:25.147+0000] {dag.py:3096} INFO - Sync 1 DAGs
[2024-05-25T04:42:25.165+0000] {logging_mixin.py:188} INFO - [2024-05-25T04:42:25.164+0000] {dag.py:3954} INFO - Setting next_dagrun for latest_only to 2024-05-25 00:00:00+00:00, run_after=2024-05-25 04:00:00+00:00
[2024-05-25T04:42:25.178+0000] {processor.py:183} INFO - Processing /home/airflow/.local/lib/python3.12/site-packages/airflow/example_dags/example_latest_only.py took 0.055 seconds
[2024-05-25T04:42:56.061+0000] {processor.py:161} INFO - Started process (PID=131) to work on /home/airflow/.local/lib/python3.12/site-packages/airflow/example_dags/example_latest_only.py
[2024-05-25T04:42:56.061+0000] {processor.py:830} INFO - Processing file /home/airflow/.local/lib/python3.12/site-packages/airflow/example_dags/example_latest_only.py for tasks to queue
[2024-05-25T04:42:56.063+0000] {logging_mixin.py:188} INFO - [2024-05-25T04:42:56.063+0000] {dagbag.py:545} INFO - Filling up the DagBag from /home/airflow/.local/lib/python3.12/site-packages/airflow/example_dags/example_latest_only.py
[2024-05-25T04:42:56.066+0000] {processor.py:840} INFO - DAG(s) 'latest_only' retrieved from /home/airflow/.local/lib/python3.12/site-packages/airflow/example_dags/example_latest_only.py
[2024-05-25T04:42:56.080+0000] {logging_mixin.py:188} INFO - [2024-05-25T04:42:56.080+0000] {dag.py:3096} INFO - Sync 1 DAGs
[2024-05-25T04:42:56.096+0000] {logging_mixin.py:188} INFO - [2024-05-25T04:42:56.096+0000] {dag.py:3954} INFO - Setting next_dagrun for latest_only to 2024-05-25 00:00:00+00:00, run_after=2024-05-25 04:00:00+00:00
[2024-05-25T04:42:56.108+0000] {processor.py:183} INFO - Processing /home/airflow/.local/lib/python3.12/site-packages/airflow/example_dags/example_latest_only.py took 0.052 seconds
[2024-05-25T04:43:26.595+0000] {processor.py:161} INFO - Started process (PID=191) to work on /home/airflow/.local/lib/python3.12/site-packages/airflow/example_dags/example_latest_only.py
[2024-05-25T04:43:26.596+0000] {processor.py:830} INFO - Processing file /home/airflow/.local/lib/python3.12/site-packages/airflow/example_dags/example_latest_only.py for tasks to queue
[2024-05-25T04:43:26.597+0000] {logging_mixin.py:188} INFO - [2024-05-25T04:43:26.597+0000] {dagbag.py:545} INFO - Filling up the DagBag from /home/airflow/.local/lib/python3.12/site-packages/airflow/example_dags/example_latest_only.py
[2024-05-25T04:43:26.600+0000] {processor.py:840} INFO - DAG(s) 'latest_only' retrieved from /home/airflow/.local/lib/python3.12/site-packages/airflow/example_dags/example_latest_only.py
[2024-05-25T04:43:26.614+0000] {logging_mixin.py:188} INFO - [2024-05-25T04:43:26.614+0000] {dag.py:3096} INFO - Sync 1 DAGs
[2024-05-25T04:43:26.630+0000] {logging_mixin.py:188} INFO - [2024-05-25T04:43:26.630+0000] {dag.py:3954} INFO - Setting next_dagrun for latest_only to 2024-05-25 00:00:00+00:00, run_after=2024-05-25 04:00:00+00:00
[2024-05-25T04:43:26.644+0000] {processor.py:183} INFO - Processing /home/airflow/.local/lib/python3.12/site-packages/airflow/example_dags/example_latest_only.py took 0.053 seconds
[2024-05-25T04:43:57.136+0000] {processor.py:161} INFO - Started process (PID=251) to work on /home/airflow/.local/lib/python3.12/site-packages/airflow/example_dags/example_latest_only.py
[2024-05-25T04:43:57.137+0000] {processor.py:830} INFO - Processing file /home/airflow/.local/lib/python3.12/site-packages/airflow/example_dags/example_latest_only.py for tasks to queue
[2024-05-25T04:43:57.138+0000] {logging_mixin.py:188} INFO - [2024-05-25T04:43:57.138+0000] {dagbag.py:545} INFO - Filling up the DagBag from /home/airflow/.local/lib/python3.12/site-packages/airflow/example_dags/example_latest_only.py
[2024-05-25T04:43:57.141+0000] {processor.py:840} INFO - DAG(s) 'latest_only' retrieved from /home/airflow/.local/lib/python3.12/site-packages/airflow/example_dags/example_latest_only.py
[2024-05-25T04:43:57.155+0000] {logging_mixin.py:188} INFO - [2024-05-25T04:43:57.155+0000] {dag.py:3096} INFO - Sync 1 DAGs
[2024-05-25T04:43:57.171+0000] {logging_mixin.py:188} INFO - [2024-05-25T04:43:57.171+0000] {dag.py:3954} INFO - Setting next_dagrun for latest_only to 2024-05-25 00:00:00+00:00, run_after=2024-05-25 04:00:00+00:00
[2024-05-25T04:43:57.186+0000] {processor.py:183} INFO - Processing /home/airflow/.local/lib/python3.12/site-packages/airflow/example_dags/example_latest_only.py took 0.054 seconds
[2024-05-25T04:44:27.610+0000] {processor.py:161} INFO - Started process (PID=311) to work on /home/airflow/.local/lib/python3.12/site-packages/airflow/example_dags/example_latest_only.py
[2024-05-25T04:44:27.611+0000] {processor.py:830} INFO - Processing file /home/airflow/.local/lib/python3.12/site-packages/airflow/example_dags/example_latest_only.py for tasks to queue
[2024-05-25T04:44:27.612+0000] {logging_mixin.py:188} INFO - [2024-05-25T04:44:27.612+0000] {dagbag.py:545} INFO - Filling up the DagBag from /home/airflow/.local/lib/python3.12/site-packages/airflow/example_dags/example_latest_only.py
[2024-05-25T04:44:27.616+0000] {processor.py:840} INFO - DAG(s) 'latest_only' retrieved from /home/airflow/.local/lib/python3.12/site-packages/airflow/example_dags/example_latest_only.py
[2024-05-25T04:44:27.629+0000] {logging_mixin.py:188} INFO - [2024-05-25T04:44:27.629+0000] {dag.py:3096} INFO - Sync 1 DAGs
[2024-05-25T04:44:27.644+0000] {logging_mixin.py:188} INFO - [2024-05-25T04:44:27.644+0000] {dag.py:3954} INFO - Setting next_dagrun for latest_only to 2024-05-25 00:00:00+00:00, run_after=2024-05-25 04:00:00+00:00
[2024-05-25T04:44:27.657+0000] {processor.py:183} INFO - Processing /home/airflow/.local/lib/python3.12/site-packages/airflow/example_dags/example_latest_only.py took 0.051 seconds
