[2024-05-25T04:42:23.750+0000] {processor.py:161} INFO - Started process (PID=48) to work on /home/airflow/.local/lib/python3.12/site-packages/airflow/example_dags/example_subdag_operator.py
[2024-05-25T04:42:23.751+0000] {processor.py:830} INFO - Processing file /home/airflow/.local/lib/python3.12/site-packages/airflow/example_dags/example_subdag_operator.py for tasks to queue
[2024-05-25T04:42:23.752+0000] {logging_mixin.py:188} INFO - [2024-05-25T04:42:23.752+0000] {dagbag.py:545} INFO - Filling up the DagBag from /home/airflow/.local/lib/python3.12/site-packages/airflow/example_dags/example_subdag_operator.py
[2024-05-25T04:42:23.768+0000] {processor.py:840} INFO - DAG(s) 'example_subdag_operator.section-1', 'example_subdag_operator.section-2', 'example_subdag_operator' retrieved from /home/airflow/.local/lib/python3.12/site-packages/airflow/example_dags/example_subdag_operator.py
[2024-05-25T04:42:23.781+0000] {logging_mixin.py:188} INFO - [2024-05-25T04:42:23.781+0000] {dag.py:3096} INFO - Sync 3 DAGs
[2024-05-25T04:42:23.801+0000] {logging_mixin.py:188} INFO - [2024-05-25T04:42:23.800+0000] {dag.py:3954} INFO - Setting next_dagrun for example_subdag_operator to 2022-01-01 00:00:00+00:00, run_after=2022-01-01 00:00:00+00:00
[2024-05-25T04:42:23.804+0000] {logging_mixin.py:188} INFO - [2024-05-25T04:42:23.804+0000] {dag.py:3954} INFO - Setting next_dagrun for example_subdag_operator.section-1 to None, run_after=None
[2024-05-25T04:42:23.805+0000] {logging_mixin.py:188} INFO - [2024-05-25T04:42:23.805+0000] {dag.py:3954} INFO - Setting next_dagrun for example_subdag_operator.section-2 to None, run_after=None
[2024-05-25T04:42:23.811+0000] {logging_mixin.py:188} INFO - [2024-05-25T04:42:23.811+0000] {dag.py:3096} INFO - Sync 2 DAGs
[2024-05-25T04:42:23.815+0000] {logging_mixin.py:188} INFO - [2024-05-25T04:42:23.815+0000] {dag.py:3954} INFO - Setting next_dagrun for example_subdag_operator.section-1 to None, run_after=None
[2024-05-25T04:42:23.816+0000] {logging_mixin.py:188} INFO - [2024-05-25T04:42:23.816+0000] {dag.py:3954} INFO - Setting next_dagrun for example_subdag_operator.section-2 to None, run_after=None
[2024-05-25T04:42:23.824+0000] {processor.py:183} INFO - Processing /home/airflow/.local/lib/python3.12/site-packages/airflow/example_dags/example_subdag_operator.py took 0.078 seconds
[2024-05-25T04:42:53.917+0000] {processor.py:161} INFO - Started process (PID=108) to work on /home/airflow/.local/lib/python3.12/site-packages/airflow/example_dags/example_subdag_operator.py
[2024-05-25T04:42:53.917+0000] {processor.py:830} INFO - Processing file /home/airflow/.local/lib/python3.12/site-packages/airflow/example_dags/example_subdag_operator.py for tasks to queue
[2024-05-25T04:42:53.919+0000] {logging_mixin.py:188} INFO - [2024-05-25T04:42:53.919+0000] {dagbag.py:545} INFO - Filling up the DagBag from /home/airflow/.local/lib/python3.12/site-packages/airflow/example_dags/example_subdag_operator.py
[2024-05-25T04:42:53.935+0000] {processor.py:840} INFO - DAG(s) 'example_subdag_operator.section-1', 'example_subdag_operator.section-2', 'example_subdag_operator' retrieved from /home/airflow/.local/lib/python3.12/site-packages/airflow/example_dags/example_subdag_operator.py
[2024-05-25T04:42:53.947+0000] {logging_mixin.py:188} INFO - [2024-05-25T04:42:53.947+0000] {dag.py:3096} INFO - Sync 3 DAGs
[2024-05-25T04:42:53.963+0000] {logging_mixin.py:188} INFO - [2024-05-25T04:42:53.963+0000] {dag.py:3954} INFO - Setting next_dagrun for example_subdag_operator to 2022-01-01 00:00:00+00:00, run_after=2022-01-01 00:00:00+00:00
[2024-05-25T04:42:53.966+0000] {logging_mixin.py:188} INFO - [2024-05-25T04:42:53.966+0000] {dag.py:3954} INFO - Setting next_dagrun for example_subdag_operator.section-1 to None, run_after=None
[2024-05-25T04:42:53.967+0000] {logging_mixin.py:188} INFO - [2024-05-25T04:42:53.967+0000] {dag.py:3954} INFO - Setting next_dagrun for example_subdag_operator.section-2 to None, run_after=None
[2024-05-25T04:42:53.972+0000] {logging_mixin.py:188} INFO - [2024-05-25T04:42:53.972+0000] {dag.py:3096} INFO - Sync 2 DAGs
[2024-05-25T04:42:53.976+0000] {logging_mixin.py:188} INFO - [2024-05-25T04:42:53.976+0000] {dag.py:3954} INFO - Setting next_dagrun for example_subdag_operator.section-1 to None, run_after=None
[2024-05-25T04:42:53.977+0000] {logging_mixin.py:188} INFO - [2024-05-25T04:42:53.977+0000] {dag.py:3954} INFO - Setting next_dagrun for example_subdag_operator.section-2 to None, run_after=None
[2024-05-25T04:42:53.984+0000] {processor.py:183} INFO - Processing /home/airflow/.local/lib/python3.12/site-packages/airflow/example_dags/example_subdag_operator.py took 0.072 seconds
[2024-05-25T04:43:24.645+0000] {processor.py:161} INFO - Started process (PID=168) to work on /home/airflow/.local/lib/python3.12/site-packages/airflow/example_dags/example_subdag_operator.py
[2024-05-25T04:43:24.646+0000] {processor.py:830} INFO - Processing file /home/airflow/.local/lib/python3.12/site-packages/airflow/example_dags/example_subdag_operator.py for tasks to queue
[2024-05-25T04:43:24.647+0000] {logging_mixin.py:188} INFO - [2024-05-25T04:43:24.647+0000] {dagbag.py:545} INFO - Filling up the DagBag from /home/airflow/.local/lib/python3.12/site-packages/airflow/example_dags/example_subdag_operator.py
[2024-05-25T04:43:24.663+0000] {processor.py:840} INFO - DAG(s) 'example_subdag_operator.section-1', 'example_subdag_operator.section-2', 'example_subdag_operator' retrieved from /home/airflow/.local/lib/python3.12/site-packages/airflow/example_dags/example_subdag_operator.py
[2024-05-25T04:43:24.676+0000] {logging_mixin.py:188} INFO - [2024-05-25T04:43:24.676+0000] {dag.py:3096} INFO - Sync 3 DAGs
[2024-05-25T04:43:24.692+0000] {logging_mixin.py:188} INFO - [2024-05-25T04:43:24.692+0000] {dag.py:3954} INFO - Setting next_dagrun for example_subdag_operator to 2022-01-01 00:00:00+00:00, run_after=2022-01-01 00:00:00+00:00
[2024-05-25T04:43:24.695+0000] {logging_mixin.py:188} INFO - [2024-05-25T04:43:24.695+0000] {dag.py:3954} INFO - Setting next_dagrun for example_subdag_operator.section-1 to None, run_after=None
[2024-05-25T04:43:24.696+0000] {logging_mixin.py:188} INFO - [2024-05-25T04:43:24.696+0000] {dag.py:3954} INFO - Setting next_dagrun for example_subdag_operator.section-2 to None, run_after=None
[2024-05-25T04:43:24.702+0000] {logging_mixin.py:188} INFO - [2024-05-25T04:43:24.701+0000] {dag.py:3096} INFO - Sync 2 DAGs
[2024-05-25T04:43:24.705+0000] {logging_mixin.py:188} INFO - [2024-05-25T04:43:24.705+0000] {dag.py:3954} INFO - Setting next_dagrun for example_subdag_operator.section-1 to None, run_after=None
[2024-05-25T04:43:24.705+0000] {logging_mixin.py:188} INFO - [2024-05-25T04:43:24.705+0000] {dag.py:3954} INFO - Setting next_dagrun for example_subdag_operator.section-2 to None, run_after=None
[2024-05-25T04:43:24.712+0000] {processor.py:183} INFO - Processing /home/airflow/.local/lib/python3.12/site-packages/airflow/example_dags/example_subdag_operator.py took 0.072 seconds
[2024-05-25T04:43:55.281+0000] {processor.py:161} INFO - Started process (PID=228) to work on /home/airflow/.local/lib/python3.12/site-packages/airflow/example_dags/example_subdag_operator.py
[2024-05-25T04:43:55.282+0000] {processor.py:830} INFO - Processing file /home/airflow/.local/lib/python3.12/site-packages/airflow/example_dags/example_subdag_operator.py for tasks to queue
[2024-05-25T04:43:55.283+0000] {logging_mixin.py:188} INFO - [2024-05-25T04:43:55.283+0000] {dagbag.py:545} INFO - Filling up the DagBag from /home/airflow/.local/lib/python3.12/site-packages/airflow/example_dags/example_subdag_operator.py
[2024-05-25T04:43:55.299+0000] {processor.py:840} INFO - DAG(s) 'example_subdag_operator.section-1', 'example_subdag_operator.section-2', 'example_subdag_operator' retrieved from /home/airflow/.local/lib/python3.12/site-packages/airflow/example_dags/example_subdag_operator.py
[2024-05-25T04:43:55.311+0000] {logging_mixin.py:188} INFO - [2024-05-25T04:43:55.310+0000] {dag.py:3096} INFO - Sync 3 DAGs
[2024-05-25T04:43:55.327+0000] {logging_mixin.py:188} INFO - [2024-05-25T04:43:55.327+0000] {dag.py:3954} INFO - Setting next_dagrun for example_subdag_operator to 2022-01-01 00:00:00+00:00, run_after=2022-01-01 00:00:00+00:00
[2024-05-25T04:43:55.330+0000] {logging_mixin.py:188} INFO - [2024-05-25T04:43:55.330+0000] {dag.py:3954} INFO - Setting next_dagrun for example_subdag_operator.section-1 to None, run_after=None
[2024-05-25T04:43:55.331+0000] {logging_mixin.py:188} INFO - [2024-05-25T04:43:55.331+0000] {dag.py:3954} INFO - Setting next_dagrun for example_subdag_operator.section-2 to None, run_after=None
[2024-05-25T04:43:55.337+0000] {logging_mixin.py:188} INFO - [2024-05-25T04:43:55.336+0000] {dag.py:3096} INFO - Sync 2 DAGs
[2024-05-25T04:43:55.340+0000] {logging_mixin.py:188} INFO - [2024-05-25T04:43:55.340+0000] {dag.py:3954} INFO - Setting next_dagrun for example_subdag_operator.section-1 to None, run_after=None
[2024-05-25T04:43:55.341+0000] {logging_mixin.py:188} INFO - [2024-05-25T04:43:55.341+0000] {dag.py:3954} INFO - Setting next_dagrun for example_subdag_operator.section-2 to None, run_after=None
[2024-05-25T04:43:55.348+0000] {processor.py:183} INFO - Processing /home/airflow/.local/lib/python3.12/site-packages/airflow/example_dags/example_subdag_operator.py took 0.071 seconds
[2024-05-25T04:44:25.619+0000] {processor.py:161} INFO - Started process (PID=288) to work on /home/airflow/.local/lib/python3.12/site-packages/airflow/example_dags/example_subdag_operator.py
[2024-05-25T04:44:25.620+0000] {processor.py:830} INFO - Processing file /home/airflow/.local/lib/python3.12/site-packages/airflow/example_dags/example_subdag_operator.py for tasks to queue
[2024-05-25T04:44:25.623+0000] {logging_mixin.py:188} INFO - [2024-05-25T04:44:25.622+0000] {dagbag.py:545} INFO - Filling up the DagBag from /home/airflow/.local/lib/python3.12/site-packages/airflow/example_dags/example_subdag_operator.py
[2024-05-25T04:44:25.643+0000] {processor.py:840} INFO - DAG(s) 'example_subdag_operator.section-1', 'example_subdag_operator.section-2', 'example_subdag_operator' retrieved from /home/airflow/.local/lib/python3.12/site-packages/airflow/example_dags/example_subdag_operator.py
[2024-05-25T04:44:25.657+0000] {logging_mixin.py:188} INFO - [2024-05-25T04:44:25.656+0000] {dag.py:3096} INFO - Sync 3 DAGs
[2024-05-25T04:44:25.677+0000] {logging_mixin.py:188} INFO - [2024-05-25T04:44:25.676+0000] {dag.py:3954} INFO - Setting next_dagrun for example_subdag_operator to 2022-01-01 00:00:00+00:00, run_after=2022-01-01 00:00:00+00:00
[2024-05-25T04:44:25.681+0000] {logging_mixin.py:188} INFO - [2024-05-25T04:44:25.680+0000] {dag.py:3954} INFO - Setting next_dagrun for example_subdag_operator.section-1 to None, run_after=None
[2024-05-25T04:44:25.682+0000] {logging_mixin.py:188} INFO - [2024-05-25T04:44:25.682+0000] {dag.py:3954} INFO - Setting next_dagrun for example_subdag_operator.section-2 to None, run_after=None
[2024-05-25T04:44:25.692+0000] {logging_mixin.py:188} INFO - [2024-05-25T04:44:25.692+0000] {dag.py:3096} INFO - Sync 2 DAGs
[2024-05-25T04:44:25.700+0000] {logging_mixin.py:188} INFO - [2024-05-25T04:44:25.700+0000] {dag.py:3954} INFO - Setting next_dagrun for example_subdag_operator.section-1 to None, run_after=None
[2024-05-25T04:44:25.701+0000] {logging_mixin.py:188} INFO - [2024-05-25T04:44:25.701+0000] {dag.py:3954} INFO - Setting next_dagrun for example_subdag_operator.section-2 to None, run_after=None
[2024-05-25T04:44:25.712+0000] {processor.py:183} INFO - Processing /home/airflow/.local/lib/python3.12/site-packages/airflow/example_dags/example_subdag_operator.py took 0.098 seconds
