[2024-05-25T04:42:23.780+0000] {processor.py:161} INFO - Started process (PID=49) to work on /home/airflow/.local/lib/python3.12/site-packages/airflow/example_dags/example_task_group_decorator.py
[2024-05-25T04:42:23.781+0000] {processor.py:830} INFO - Processing file /home/airflow/.local/lib/python3.12/site-packages/airflow/example_dags/example_task_group_decorator.py for tasks to queue
[2024-05-25T04:42:23.783+0000] {logging_mixin.py:188} INFO - [2024-05-25T04:42:23.783+0000] {dagbag.py:545} INFO - Filling up the DagBag from /home/airflow/.local/lib/python3.12/site-packages/airflow/example_dags/example_task_group_decorator.py
[2024-05-25T04:42:23.793+0000] {processor.py:840} INFO - DAG(s) 'example_task_group_decorator' retrieved from /home/airflow/.local/lib/python3.12/site-packages/airflow/example_dags/example_task_group_decorator.py
[2024-05-25T04:42:23.815+0000] {logging_mixin.py:188} INFO - [2024-05-25T04:42:23.815+0000] {dag.py:3096} INFO - Sync 1 DAGs
[2024-05-25T04:42:23.832+0000] {logging_mixin.py:188} INFO - [2024-05-25T04:42:23.832+0000] {dag.py:3954} INFO - Setting next_dagrun for example_task_group_decorator to 2024-05-24 00:00:00+00:00, run_after=2024-05-25 00:00:00+00:00
[2024-05-25T04:42:23.847+0000] {processor.py:183} INFO - Processing /home/airflow/.local/lib/python3.12/site-packages/airflow/example_dags/example_task_group_decorator.py took 0.070 seconds
[2024-05-25T04:42:54.005+0000] {processor.py:161} INFO - Started process (PID=109) to work on /home/airflow/.local/lib/python3.12/site-packages/airflow/example_dags/example_task_group_decorator.py
[2024-05-25T04:42:54.006+0000] {processor.py:830} INFO - Processing file /home/airflow/.local/lib/python3.12/site-packages/airflow/example_dags/example_task_group_decorator.py for tasks to queue
[2024-05-25T04:42:54.007+0000] {logging_mixin.py:188} INFO - [2024-05-25T04:42:54.007+0000] {dagbag.py:545} INFO - Filling up the DagBag from /home/airflow/.local/lib/python3.12/site-packages/airflow/example_dags/example_task_group_decorator.py
[2024-05-25T04:42:54.017+0000] {processor.py:840} INFO - DAG(s) 'example_task_group_decorator' retrieved from /home/airflow/.local/lib/python3.12/site-packages/airflow/example_dags/example_task_group_decorator.py
[2024-05-25T04:42:54.037+0000] {logging_mixin.py:188} INFO - [2024-05-25T04:42:54.037+0000] {dag.py:3096} INFO - Sync 1 DAGs
[2024-05-25T04:42:54.052+0000] {logging_mixin.py:188} INFO - [2024-05-25T04:42:54.052+0000] {dag.py:3954} INFO - Setting next_dagrun for example_task_group_decorator to 2024-05-24 00:00:00+00:00, run_after=2024-05-25 00:00:00+00:00
[2024-05-25T04:42:54.065+0000] {processor.py:183} INFO - Processing /home/airflow/.local/lib/python3.12/site-packages/airflow/example_dags/example_task_group_decorator.py took 0.064 seconds
[2024-05-25T04:43:24.682+0000] {processor.py:161} INFO - Started process (PID=169) to work on /home/airflow/.local/lib/python3.12/site-packages/airflow/example_dags/example_task_group_decorator.py
[2024-05-25T04:43:24.683+0000] {processor.py:830} INFO - Processing file /home/airflow/.local/lib/python3.12/site-packages/airflow/example_dags/example_task_group_decorator.py for tasks to queue
[2024-05-25T04:43:24.685+0000] {logging_mixin.py:188} INFO - [2024-05-25T04:43:24.684+0000] {dagbag.py:545} INFO - Filling up the DagBag from /home/airflow/.local/lib/python3.12/site-packages/airflow/example_dags/example_task_group_decorator.py
[2024-05-25T04:43:24.695+0000] {processor.py:840} INFO - DAG(s) 'example_task_group_decorator' retrieved from /home/airflow/.local/lib/python3.12/site-packages/airflow/example_dags/example_task_group_decorator.py
[2024-05-25T04:43:24.714+0000] {logging_mixin.py:188} INFO - [2024-05-25T04:43:24.714+0000] {dag.py:3096} INFO - Sync 1 DAGs
[2024-05-25T04:43:24.731+0000] {logging_mixin.py:188} INFO - [2024-05-25T04:43:24.731+0000] {dag.py:3954} INFO - Setting next_dagrun for example_task_group_decorator to 2024-05-24 00:00:00+00:00, run_after=2024-05-25 00:00:00+00:00
[2024-05-25T04:43:24.745+0000] {processor.py:183} INFO - Processing /home/airflow/.local/lib/python3.12/site-packages/airflow/example_dags/example_task_group_decorator.py took 0.067 seconds
[2024-05-25T04:43:55.311+0000] {processor.py:161} INFO - Started process (PID=229) to work on /home/airflow/.local/lib/python3.12/site-packages/airflow/example_dags/example_task_group_decorator.py
[2024-05-25T04:43:55.312+0000] {processor.py:830} INFO - Processing file /home/airflow/.local/lib/python3.12/site-packages/airflow/example_dags/example_task_group_decorator.py for tasks to queue
[2024-05-25T04:43:55.313+0000] {logging_mixin.py:188} INFO - [2024-05-25T04:43:55.313+0000] {dagbag.py:545} INFO - Filling up the DagBag from /home/airflow/.local/lib/python3.12/site-packages/airflow/example_dags/example_task_group_decorator.py
[2024-05-25T04:43:55.323+0000] {processor.py:840} INFO - DAG(s) 'example_task_group_decorator' retrieved from /home/airflow/.local/lib/python3.12/site-packages/airflow/example_dags/example_task_group_decorator.py
[2024-05-25T04:43:55.342+0000] {logging_mixin.py:188} INFO - [2024-05-25T04:43:55.342+0000] {dag.py:3096} INFO - Sync 1 DAGs
[2024-05-25T04:43:55.357+0000] {logging_mixin.py:188} INFO - [2024-05-25T04:43:55.357+0000] {dag.py:3954} INFO - Setting next_dagrun for example_task_group_decorator to 2024-05-24 00:00:00+00:00, run_after=2024-05-25 00:00:00+00:00
[2024-05-25T04:43:55.370+0000] {processor.py:183} INFO - Processing /home/airflow/.local/lib/python3.12/site-packages/airflow/example_dags/example_task_group_decorator.py took 0.062 seconds
[2024-05-25T04:44:25.691+0000] {processor.py:161} INFO - Started process (PID=289) to work on /home/airflow/.local/lib/python3.12/site-packages/airflow/example_dags/example_task_group_decorator.py
[2024-05-25T04:44:25.692+0000] {processor.py:830} INFO - Processing file /home/airflow/.local/lib/python3.12/site-packages/airflow/example_dags/example_task_group_decorator.py for tasks to queue
[2024-05-25T04:44:25.695+0000] {logging_mixin.py:188} INFO - [2024-05-25T04:44:25.694+0000] {dagbag.py:545} INFO - Filling up the DagBag from /home/airflow/.local/lib/python3.12/site-packages/airflow/example_dags/example_task_group_decorator.py
[2024-05-25T04:44:25.710+0000] {processor.py:840} INFO - DAG(s) 'example_task_group_decorator' retrieved from /home/airflow/.local/lib/python3.12/site-packages/airflow/example_dags/example_task_group_decorator.py
[2024-05-25T04:44:25.745+0000] {logging_mixin.py:188} INFO - [2024-05-25T04:44:25.744+0000] {dag.py:3096} INFO - Sync 1 DAGs
[2024-05-25T04:44:25.768+0000] {logging_mixin.py:188} INFO - [2024-05-25T04:44:25.768+0000] {dag.py:3954} INFO - Setting next_dagrun for example_task_group_decorator to 2024-05-24 00:00:00+00:00, run_after=2024-05-25 00:00:00+00:00
[2024-05-25T04:44:25.786+0000] {processor.py:183} INFO - Processing /home/airflow/.local/lib/python3.12/site-packages/airflow/example_dags/example_task_group_decorator.py took 0.103 seconds
