[2024-05-25T04:42:24.252+0000] {processor.py:161} INFO - Started process (PID=58) to work on /home/airflow/.local/lib/python3.12/site-packages/airflow/example_dags/example_kubernetes_executor.py
[2024-05-25T04:42:24.252+0000] {processor.py:830} INFO - Processing file /home/airflow/.local/lib/python3.12/site-packages/airflow/example_dags/example_kubernetes_executor.py for tasks to queue
[2024-05-25T04:42:24.254+0000] {logging_mixin.py:188} INFO - [2024-05-25T04:42:24.254+0000] {dagbag.py:545} INFO - Filling up the DagBag from /home/airflow/.local/lib/python3.12/site-packages/airflow/example_dags/example_kubernetes_executor.py
[2024-05-25T04:42:24.264+0000] {processor.py:840} INFO - DAG(s) 'example_kubernetes_executor' retrieved from /home/airflow/.local/lib/python3.12/site-packages/airflow/example_dags/example_kubernetes_executor.py
[2024-05-25T04:42:24.297+0000] {logging_mixin.py:188} INFO - [2024-05-25T04:42:24.297+0000] {dag.py:3096} INFO - Sync 1 DAGs
[2024-05-25T04:42:24.308+0000] {logging_mixin.py:188} INFO - [2024-05-25T04:42:24.308+0000] {dag.py:3954} INFO - Setting next_dagrun for example_kubernetes_executor to None, run_after=None
[2024-05-25T04:42:24.323+0000] {processor.py:183} INFO - Processing /home/airflow/.local/lib/python3.12/site-packages/airflow/example_dags/example_kubernetes_executor.py took 0.076 seconds
[2024-05-25T04:42:54.465+0000] {processor.py:161} INFO - Started process (PID=118) to work on /home/airflow/.local/lib/python3.12/site-packages/airflow/example_dags/example_kubernetes_executor.py
[2024-05-25T04:42:54.466+0000] {processor.py:830} INFO - Processing file /home/airflow/.local/lib/python3.12/site-packages/airflow/example_dags/example_kubernetes_executor.py for tasks to queue
[2024-05-25T04:42:54.467+0000] {logging_mixin.py:188} INFO - [2024-05-25T04:42:54.467+0000] {dagbag.py:545} INFO - Filling up the DagBag from /home/airflow/.local/lib/python3.12/site-packages/airflow/example_dags/example_kubernetes_executor.py
[2024-05-25T04:42:54.475+0000] {processor.py:840} INFO - DAG(s) 'example_kubernetes_executor' retrieved from /home/airflow/.local/lib/python3.12/site-packages/airflow/example_dags/example_kubernetes_executor.py
[2024-05-25T04:42:54.503+0000] {logging_mixin.py:188} INFO - [2024-05-25T04:42:54.503+0000] {dag.py:3096} INFO - Sync 1 DAGs
[2024-05-25T04:42:54.512+0000] {logging_mixin.py:188} INFO - [2024-05-25T04:42:54.512+0000] {dag.py:3954} INFO - Setting next_dagrun for example_kubernetes_executor to None, run_after=None
[2024-05-25T04:42:54.526+0000] {processor.py:183} INFO - Processing /home/airflow/.local/lib/python3.12/site-packages/airflow/example_dags/example_kubernetes_executor.py took 0.065 seconds
[2024-05-25T04:43:25.006+0000] {processor.py:161} INFO - Started process (PID=178) to work on /home/airflow/.local/lib/python3.12/site-packages/airflow/example_dags/example_kubernetes_executor.py
[2024-05-25T04:43:25.007+0000] {processor.py:830} INFO - Processing file /home/airflow/.local/lib/python3.12/site-packages/airflow/example_dags/example_kubernetes_executor.py for tasks to queue
[2024-05-25T04:43:25.008+0000] {logging_mixin.py:188} INFO - [2024-05-25T04:43:25.008+0000] {dagbag.py:545} INFO - Filling up the DagBag from /home/airflow/.local/lib/python3.12/site-packages/airflow/example_dags/example_kubernetes_executor.py
[2024-05-25T04:43:25.017+0000] {processor.py:840} INFO - DAG(s) 'example_kubernetes_executor' retrieved from /home/airflow/.local/lib/python3.12/site-packages/airflow/example_dags/example_kubernetes_executor.py
[2024-05-25T04:43:25.044+0000] {logging_mixin.py:188} INFO - [2024-05-25T04:43:25.044+0000] {dag.py:3096} INFO - Sync 1 DAGs
[2024-05-25T04:43:25.054+0000] {logging_mixin.py:188} INFO - [2024-05-25T04:43:25.053+0000] {dag.py:3954} INFO - Setting next_dagrun for example_kubernetes_executor to None, run_after=None
[2024-05-25T04:43:25.067+0000] {processor.py:183} INFO - Processing /home/airflow/.local/lib/python3.12/site-packages/airflow/example_dags/example_kubernetes_executor.py took 0.065 seconds
[2024-05-25T04:43:55.640+0000] {processor.py:161} INFO - Started process (PID=238) to work on /home/airflow/.local/lib/python3.12/site-packages/airflow/example_dags/example_kubernetes_executor.py
[2024-05-25T04:43:55.641+0000] {processor.py:830} INFO - Processing file /home/airflow/.local/lib/python3.12/site-packages/airflow/example_dags/example_kubernetes_executor.py for tasks to queue
[2024-05-25T04:43:55.642+0000] {logging_mixin.py:188} INFO - [2024-05-25T04:43:55.642+0000] {dagbag.py:545} INFO - Filling up the DagBag from /home/airflow/.local/lib/python3.12/site-packages/airflow/example_dags/example_kubernetes_executor.py
[2024-05-25T04:43:55.651+0000] {processor.py:840} INFO - DAG(s) 'example_kubernetes_executor' retrieved from /home/airflow/.local/lib/python3.12/site-packages/airflow/example_dags/example_kubernetes_executor.py
[2024-05-25T04:43:55.678+0000] {logging_mixin.py:188} INFO - [2024-05-25T04:43:55.678+0000] {dag.py:3096} INFO - Sync 1 DAGs
[2024-05-25T04:43:55.688+0000] {logging_mixin.py:188} INFO - [2024-05-25T04:43:55.687+0000] {dag.py:3954} INFO - Setting next_dagrun for example_kubernetes_executor to None, run_after=None
[2024-05-25T04:43:55.702+0000] {processor.py:183} INFO - Processing /home/airflow/.local/lib/python3.12/site-packages/airflow/example_dags/example_kubernetes_executor.py took 0.065 seconds
[2024-05-25T04:44:26.047+0000] {processor.py:161} INFO - Started process (PID=298) to work on /home/airflow/.local/lib/python3.12/site-packages/airflow/example_dags/example_kubernetes_executor.py
[2024-05-25T04:44:26.048+0000] {processor.py:830} INFO - Processing file /home/airflow/.local/lib/python3.12/site-packages/airflow/example_dags/example_kubernetes_executor.py for tasks to queue
[2024-05-25T04:44:26.049+0000] {logging_mixin.py:188} INFO - [2024-05-25T04:44:26.049+0000] {dagbag.py:545} INFO - Filling up the DagBag from /home/airflow/.local/lib/python3.12/site-packages/airflow/example_dags/example_kubernetes_executor.py
[2024-05-25T04:44:26.058+0000] {processor.py:840} INFO - DAG(s) 'example_kubernetes_executor' retrieved from /home/airflow/.local/lib/python3.12/site-packages/airflow/example_dags/example_kubernetes_executor.py
[2024-05-25T04:44:26.085+0000] {logging_mixin.py:188} INFO - [2024-05-25T04:44:26.084+0000] {dag.py:3096} INFO - Sync 1 DAGs
[2024-05-25T04:44:26.095+0000] {logging_mixin.py:188} INFO - [2024-05-25T04:44:26.094+0000] {dag.py:3954} INFO - Setting next_dagrun for example_kubernetes_executor to None, run_after=None
[2024-05-25T04:44:26.108+0000] {processor.py:183} INFO - Processing /home/airflow/.local/lib/python3.12/site-packages/airflow/example_dags/example_kubernetes_executor.py took 0.065 seconds
