[2024-05-25T04:42:23.589+0000] {processor.py:161} INFO - Started process (PID=45) to work on /home/airflow/.local/lib/python3.12/site-packages/airflow/example_dags/example_latest_only_with_trigger.py
[2024-05-25T04:42:23.589+0000] {processor.py:830} INFO - Processing file /home/airflow/.local/lib/python3.12/site-packages/airflow/example_dags/example_latest_only_with_trigger.py for tasks to queue
[2024-05-25T04:42:23.591+0000] {logging_mixin.py:188} INFO - [2024-05-25T04:42:23.590+0000] {dagbag.py:545} INFO - Filling up the DagBag from /home/airflow/.local/lib/python3.12/site-packages/airflow/example_dags/example_latest_only_with_trigger.py
[2024-05-25T04:42:23.596+0000] {processor.py:840} INFO - DAG(s) 'latest_only_with_trigger' retrieved from /home/airflow/.local/lib/python3.12/site-packages/airflow/example_dags/example_latest_only_with_trigger.py
[2024-05-25T04:42:23.617+0000] {logging_mixin.py:188} INFO - [2024-05-25T04:42:23.617+0000] {dag.py:3096} INFO - Sync 1 DAGs
[2024-05-25T04:42:23.634+0000] {logging_mixin.py:188} INFO - [2024-05-25T04:42:23.633+0000] {dag.py:3954} INFO - Setting next_dagrun for latest_only_with_trigger to 2024-05-25 00:00:00+00:00, run_after=2024-05-25 04:00:00+00:00
[2024-05-25T04:42:23.648+0000] {processor.py:183} INFO - Processing /home/airflow/.local/lib/python3.12/site-packages/airflow/example_dags/example_latest_only_with_trigger.py took 0.064 seconds
[2024-05-25T04:42:53.678+0000] {processor.py:161} INFO - Started process (PID=104) to work on /home/airflow/.local/lib/python3.12/site-packages/airflow/example_dags/example_latest_only_with_trigger.py
[2024-05-25T04:42:53.678+0000] {processor.py:830} INFO - Processing file /home/airflow/.local/lib/python3.12/site-packages/airflow/example_dags/example_latest_only_with_trigger.py for tasks to queue
[2024-05-25T04:42:53.679+0000] {logging_mixin.py:188} INFO - [2024-05-25T04:42:53.679+0000] {dagbag.py:545} INFO - Filling up the DagBag from /home/airflow/.local/lib/python3.12/site-packages/airflow/example_dags/example_latest_only_with_trigger.py
[2024-05-25T04:42:53.683+0000] {processor.py:840} INFO - DAG(s) 'latest_only_with_trigger' retrieved from /home/airflow/.local/lib/python3.12/site-packages/airflow/example_dags/example_latest_only_with_trigger.py
[2024-05-25T04:42:53.698+0000] {logging_mixin.py:188} INFO - [2024-05-25T04:42:53.697+0000] {dag.py:3096} INFO - Sync 1 DAGs
[2024-05-25T04:42:53.714+0000] {logging_mixin.py:188} INFO - [2024-05-25T04:42:53.714+0000] {dag.py:3954} INFO - Setting next_dagrun for latest_only_with_trigger to 2024-05-25 00:00:00+00:00, run_after=2024-05-25 04:00:00+00:00
[2024-05-25T04:42:53.729+0000] {processor.py:183} INFO - Processing /home/airflow/.local/lib/python3.12/site-packages/airflow/example_dags/example_latest_only_with_trigger.py took 0.055 seconds
[2024-05-25T04:43:24.546+0000] {processor.py:161} INFO - Started process (PID=165) to work on /home/airflow/.local/lib/python3.12/site-packages/airflow/example_dags/example_latest_only_with_trigger.py
[2024-05-25T04:43:24.547+0000] {processor.py:830} INFO - Processing file /home/airflow/.local/lib/python3.12/site-packages/airflow/example_dags/example_latest_only_with_trigger.py for tasks to queue
[2024-05-25T04:43:24.548+0000] {logging_mixin.py:188} INFO - [2024-05-25T04:43:24.548+0000] {dagbag.py:545} INFO - Filling up the DagBag from /home/airflow/.local/lib/python3.12/site-packages/airflow/example_dags/example_latest_only_with_trigger.py
[2024-05-25T04:43:24.552+0000] {processor.py:840} INFO - DAG(s) 'latest_only_with_trigger' retrieved from /home/airflow/.local/lib/python3.12/site-packages/airflow/example_dags/example_latest_only_with_trigger.py
[2024-05-25T04:43:24.567+0000] {logging_mixin.py:188} INFO - [2024-05-25T04:43:24.567+0000] {dag.py:3096} INFO - Sync 1 DAGs
[2024-05-25T04:43:24.584+0000] {logging_mixin.py:188} INFO - [2024-05-25T04:43:24.584+0000] {dag.py:3954} INFO - Setting next_dagrun for latest_only_with_trigger to 2024-05-25 00:00:00+00:00, run_after=2024-05-25 04:00:00+00:00
[2024-05-25T04:43:24.597+0000] {processor.py:183} INFO - Processing /home/airflow/.local/lib/python3.12/site-packages/airflow/example_dags/example_latest_only_with_trigger.py took 0.055 seconds
[2024-05-25T04:43:55.180+0000] {processor.py:161} INFO - Started process (PID=225) to work on /home/airflow/.local/lib/python3.12/site-packages/airflow/example_dags/example_latest_only_with_trigger.py
[2024-05-25T04:43:55.181+0000] {processor.py:830} INFO - Processing file /home/airflow/.local/lib/python3.12/site-packages/airflow/example_dags/example_latest_only_with_trigger.py for tasks to queue
[2024-05-25T04:43:55.182+0000] {logging_mixin.py:188} INFO - [2024-05-25T04:43:55.182+0000] {dagbag.py:545} INFO - Filling up the DagBag from /home/airflow/.local/lib/python3.12/site-packages/airflow/example_dags/example_latest_only_with_trigger.py
[2024-05-25T04:43:55.186+0000] {processor.py:840} INFO - DAG(s) 'latest_only_with_trigger' retrieved from /home/airflow/.local/lib/python3.12/site-packages/airflow/example_dags/example_latest_only_with_trigger.py
[2024-05-25T04:43:55.200+0000] {logging_mixin.py:188} INFO - [2024-05-25T04:43:55.200+0000] {dag.py:3096} INFO - Sync 1 DAGs
[2024-05-25T04:43:55.216+0000] {logging_mixin.py:188} INFO - [2024-05-25T04:43:55.216+0000] {dag.py:3954} INFO - Setting next_dagrun for latest_only_with_trigger to 2024-05-25 00:00:00+00:00, run_after=2024-05-25 04:00:00+00:00
[2024-05-25T04:43:55.230+0000] {processor.py:183} INFO - Processing /home/airflow/.local/lib/python3.12/site-packages/airflow/example_dags/example_latest_only_with_trigger.py took 0.055 seconds
[2024-05-25T04:44:25.346+0000] {processor.py:161} INFO - Started process (PID=285) to work on /home/airflow/.local/lib/python3.12/site-packages/airflow/example_dags/example_latest_only_with_trigger.py
[2024-05-25T04:44:25.347+0000] {processor.py:830} INFO - Processing file /home/airflow/.local/lib/python3.12/site-packages/airflow/example_dags/example_latest_only_with_trigger.py for tasks to queue
[2024-05-25T04:44:25.349+0000] {logging_mixin.py:188} INFO - [2024-05-25T04:44:25.348+0000] {dagbag.py:545} INFO - Filling up the DagBag from /home/airflow/.local/lib/python3.12/site-packages/airflow/example_dags/example_latest_only_with_trigger.py
[2024-05-25T04:44:25.353+0000] {processor.py:840} INFO - DAG(s) 'latest_only_with_trigger' retrieved from /home/airflow/.local/lib/python3.12/site-packages/airflow/example_dags/example_latest_only_with_trigger.py
[2024-05-25T04:44:25.372+0000] {logging_mixin.py:188} INFO - [2024-05-25T04:44:25.371+0000] {dag.py:3096} INFO - Sync 1 DAGs
[2024-05-25T04:44:25.391+0000] {logging_mixin.py:188} INFO - [2024-05-25T04:44:25.390+0000] {dag.py:3954} INFO - Setting next_dagrun for latest_only_with_trigger to 2024-05-25 00:00:00+00:00, run_after=2024-05-25 04:00:00+00:00
[2024-05-25T04:44:25.407+0000] {processor.py:183} INFO - Processing /home/airflow/.local/lib/python3.12/site-packages/airflow/example_dags/example_latest_only_with_trigger.py took 0.066 seconds
