[2024-05-25T04:42:23.329+0000] {processor.py:161} INFO - Started process (PID=42) to work on /home/airflow/.local/lib/python3.12/site-packages/airflow/example_dags/example_display_name.py
[2024-05-25T04:42:23.330+0000] {processor.py:830} INFO - Processing file /home/airflow/.local/lib/python3.12/site-packages/airflow/example_dags/example_display_name.py for tasks to queue
[2024-05-25T04:42:23.331+0000] {logging_mixin.py:188} INFO - [2024-05-25T04:42:23.331+0000] {dagbag.py:545} INFO - Filling up the DagBag from /home/airflow/.local/lib/python3.12/site-packages/airflow/example_dags/example_display_name.py
[2024-05-25T04:42:23.337+0000] {processor.py:840} INFO - DAG(s) 'example_display_name' retrieved from /home/airflow/.local/lib/python3.12/site-packages/airflow/example_dags/example_display_name.py
[2024-05-25T04:42:23.358+0000] {logging_mixin.py:188} INFO - [2024-05-25T04:42:23.357+0000] {dag.py:3096} INFO - Sync 1 DAGs
[2024-05-25T04:42:23.367+0000] {logging_mixin.py:188} INFO - [2024-05-25T04:42:23.367+0000] {dag.py:3954} INFO - Setting next_dagrun for example_display_name to None, run_after=None
[2024-05-25T04:42:23.382+0000] {processor.py:183} INFO - Processing /home/airflow/.local/lib/python3.12/site-packages/airflow/example_dags/example_display_name.py took 0.057 seconds
[2024-05-25T04:42:53.454+0000] {processor.py:161} INFO - Started process (PID=100) to work on /home/airflow/.local/lib/python3.12/site-packages/airflow/example_dags/example_display_name.py
[2024-05-25T04:42:53.455+0000] {processor.py:830} INFO - Processing file /home/airflow/.local/lib/python3.12/site-packages/airflow/example_dags/example_display_name.py for tasks to queue
[2024-05-25T04:42:53.456+0000] {logging_mixin.py:188} INFO - [2024-05-25T04:42:53.456+0000] {dagbag.py:545} INFO - Filling up the DagBag from /home/airflow/.local/lib/python3.12/site-packages/airflow/example_dags/example_display_name.py
[2024-05-25T04:42:53.460+0000] {processor.py:840} INFO - DAG(s) 'example_display_name' retrieved from /home/airflow/.local/lib/python3.12/site-packages/airflow/example_dags/example_display_name.py
[2024-05-25T04:42:53.474+0000] {logging_mixin.py:188} INFO - [2024-05-25T04:42:53.473+0000] {dag.py:3096} INFO - Sync 1 DAGs
[2024-05-25T04:42:53.483+0000] {logging_mixin.py:188} INFO - [2024-05-25T04:42:53.483+0000] {dag.py:3954} INFO - Setting next_dagrun for example_display_name to None, run_after=None
[2024-05-25T04:42:53.496+0000] {processor.py:183} INFO - Processing /home/airflow/.local/lib/python3.12/site-packages/airflow/example_dags/example_display_name.py took 0.046 seconds
[2024-05-25T04:43:24.320+0000] {processor.py:161} INFO - Started process (PID=162) to work on /home/airflow/.local/lib/python3.12/site-packages/airflow/example_dags/example_display_name.py
[2024-05-25T04:43:24.321+0000] {processor.py:830} INFO - Processing file /home/airflow/.local/lib/python3.12/site-packages/airflow/example_dags/example_display_name.py for tasks to queue
[2024-05-25T04:43:24.322+0000] {logging_mixin.py:188} INFO - [2024-05-25T04:43:24.322+0000] {dagbag.py:545} INFO - Filling up the DagBag from /home/airflow/.local/lib/python3.12/site-packages/airflow/example_dags/example_display_name.py
[2024-05-25T04:43:24.326+0000] {processor.py:840} INFO - DAG(s) 'example_display_name' retrieved from /home/airflow/.local/lib/python3.12/site-packages/airflow/example_dags/example_display_name.py
[2024-05-25T04:43:24.340+0000] {logging_mixin.py:188} INFO - [2024-05-25T04:43:24.339+0000] {dag.py:3096} INFO - Sync 1 DAGs
[2024-05-25T04:43:24.349+0000] {logging_mixin.py:188} INFO - [2024-05-25T04:43:24.349+0000] {dag.py:3954} INFO - Setting next_dagrun for example_display_name to None, run_after=None
[2024-05-25T04:43:24.364+0000] {processor.py:183} INFO - Processing /home/airflow/.local/lib/python3.12/site-packages/airflow/example_dags/example_display_name.py took 0.049 seconds
[2024-05-25T04:43:54.966+0000] {processor.py:161} INFO - Started process (PID=222) to work on /home/airflow/.local/lib/python3.12/site-packages/airflow/example_dags/example_display_name.py
[2024-05-25T04:43:54.966+0000] {processor.py:830} INFO - Processing file /home/airflow/.local/lib/python3.12/site-packages/airflow/example_dags/example_display_name.py for tasks to queue
[2024-05-25T04:43:54.968+0000] {logging_mixin.py:188} INFO - [2024-05-25T04:43:54.967+0000] {dagbag.py:545} INFO - Filling up the DagBag from /home/airflow/.local/lib/python3.12/site-packages/airflow/example_dags/example_display_name.py
[2024-05-25T04:43:54.971+0000] {processor.py:840} INFO - DAG(s) 'example_display_name' retrieved from /home/airflow/.local/lib/python3.12/site-packages/airflow/example_dags/example_display_name.py
[2024-05-25T04:43:54.985+0000] {logging_mixin.py:188} INFO - [2024-05-25T04:43:54.985+0000] {dag.py:3096} INFO - Sync 1 DAGs
[2024-05-25T04:43:54.995+0000] {logging_mixin.py:188} INFO - [2024-05-25T04:43:54.994+0000] {dag.py:3954} INFO - Setting next_dagrun for example_display_name to None, run_after=None
[2024-05-25T04:43:55.008+0000] {processor.py:183} INFO - Processing /home/airflow/.local/lib/python3.12/site-packages/airflow/example_dags/example_display_name.py took 0.047 seconds
[2024-05-25T04:44:25.099+0000] {processor.py:161} INFO - Started process (PID=280) to work on /home/airflow/.local/lib/python3.12/site-packages/airflow/example_dags/example_display_name.py
[2024-05-25T04:44:25.099+0000] {processor.py:830} INFO - Processing file /home/airflow/.local/lib/python3.12/site-packages/airflow/example_dags/example_display_name.py for tasks to queue
[2024-05-25T04:44:25.101+0000] {logging_mixin.py:188} INFO - [2024-05-25T04:44:25.101+0000] {dagbag.py:545} INFO - Filling up the DagBag from /home/airflow/.local/lib/python3.12/site-packages/airflow/example_dags/example_display_name.py
[2024-05-25T04:44:25.106+0000] {processor.py:840} INFO - DAG(s) 'example_display_name' retrieved from /home/airflow/.local/lib/python3.12/site-packages/airflow/example_dags/example_display_name.py
[2024-05-25T04:44:25.121+0000] {logging_mixin.py:188} INFO - [2024-05-25T04:44:25.121+0000] {dag.py:3096} INFO - Sync 1 DAGs
[2024-05-25T04:44:25.131+0000] {logging_mixin.py:188} INFO - [2024-05-25T04:44:25.130+0000] {dag.py:3954} INFO - Setting next_dagrun for example_display_name to None, run_after=None
[2024-05-25T04:44:25.146+0000] {processor.py:183} INFO - Processing /home/airflow/.local/lib/python3.12/site-packages/airflow/example_dags/example_display_name.py took 0.052 seconds
