[2024-05-25T04:42:23.939+0000] {processor.py:161} INFO - Started process (PID=53) to work on /home/airflow/.local/lib/python3.12/site-packages/airflow/example_dags/example_branch_python_dop_operator_3.py
[2024-05-25T04:42:23.940+0000] {processor.py:830} INFO - Processing file /home/airflow/.local/lib/python3.12/site-packages/airflow/example_dags/example_branch_python_dop_operator_3.py for tasks to queue
[2024-05-25T04:42:23.941+0000] {logging_mixin.py:188} INFO - [2024-05-25T04:42:23.941+0000] {dagbag.py:545} INFO - Filling up the DagBag from /home/airflow/.local/lib/python3.12/site-packages/airflow/example_dags/example_branch_python_dop_operator_3.py
[2024-05-25T04:42:23.948+0000] {processor.py:840} INFO - DAG(s) 'example_branch_dop_operator_v3' retrieved from /home/airflow/.local/lib/python3.12/site-packages/airflow/example_dags/example_branch_python_dop_operator_3.py
[2024-05-25T04:42:23.966+0000] {logging_mixin.py:188} INFO - [2024-05-25T04:42:23.966+0000] {dag.py:3096} INFO - Sync 1 DAGs
[2024-05-25T04:42:23.987+0000] {logging_mixin.py:188} INFO - [2024-05-25T04:42:23.987+0000] {dag.py:3954} INFO - Setting next_dagrun for example_branch_dop_operator_v3 to 2024-05-25 04:41:00+00:00, run_after=2024-05-25 04:42:00+00:00
[2024-05-25T04:42:24.002+0000] {processor.py:183} INFO - Processing /home/airflow/.local/lib/python3.12/site-packages/airflow/example_dags/example_branch_python_dop_operator_3.py took 0.068 seconds
[2024-05-25T04:42:54.230+0000] {processor.py:161} INFO - Started process (PID=113) to work on /home/airflow/.local/lib/python3.12/site-packages/airflow/example_dags/example_branch_python_dop_operator_3.py
[2024-05-25T04:42:54.231+0000] {processor.py:830} INFO - Processing file /home/airflow/.local/lib/python3.12/site-packages/airflow/example_dags/example_branch_python_dop_operator_3.py for tasks to queue
[2024-05-25T04:42:54.232+0000] {logging_mixin.py:188} INFO - [2024-05-25T04:42:54.232+0000] {dagbag.py:545} INFO - Filling up the DagBag from /home/airflow/.local/lib/python3.12/site-packages/airflow/example_dags/example_branch_python_dop_operator_3.py
[2024-05-25T04:42:54.238+0000] {processor.py:840} INFO - DAG(s) 'example_branch_dop_operator_v3' retrieved from /home/airflow/.local/lib/python3.12/site-packages/airflow/example_dags/example_branch_python_dop_operator_3.py
[2024-05-25T04:42:54.253+0000] {logging_mixin.py:188} INFO - [2024-05-25T04:42:54.253+0000] {dag.py:3096} INFO - Sync 1 DAGs
[2024-05-25T04:42:54.272+0000] {logging_mixin.py:188} INFO - [2024-05-25T04:42:54.272+0000] {dag.py:3954} INFO - Setting next_dagrun for example_branch_dop_operator_v3 to 2024-05-25 04:41:00+00:00, run_after=2024-05-25 04:42:00+00:00
[2024-05-25T04:42:54.287+0000] {processor.py:183} INFO - Processing /home/airflow/.local/lib/python3.12/site-packages/airflow/example_dags/example_branch_python_dop_operator_3.py took 0.061 seconds
[2024-05-25T04:43:24.834+0000] {processor.py:161} INFO - Started process (PID=173) to work on /home/airflow/.local/lib/python3.12/site-packages/airflow/example_dags/example_branch_python_dop_operator_3.py
[2024-05-25T04:43:24.834+0000] {processor.py:830} INFO - Processing file /home/airflow/.local/lib/python3.12/site-packages/airflow/example_dags/example_branch_python_dop_operator_3.py for tasks to queue
[2024-05-25T04:43:24.836+0000] {logging_mixin.py:188} INFO - [2024-05-25T04:43:24.835+0000] {dagbag.py:545} INFO - Filling up the DagBag from /home/airflow/.local/lib/python3.12/site-packages/airflow/example_dags/example_branch_python_dop_operator_3.py
[2024-05-25T04:43:24.842+0000] {processor.py:840} INFO - DAG(s) 'example_branch_dop_operator_v3' retrieved from /home/airflow/.local/lib/python3.12/site-packages/airflow/example_dags/example_branch_python_dop_operator_3.py
[2024-05-25T04:43:24.857+0000] {logging_mixin.py:188} INFO - [2024-05-25T04:43:24.857+0000] {dag.py:3096} INFO - Sync 1 DAGs
[2024-05-25T04:43:24.877+0000] {logging_mixin.py:188} INFO - [2024-05-25T04:43:24.876+0000] {dag.py:3954} INFO - Setting next_dagrun for example_branch_dop_operator_v3 to 2024-05-25 04:42:00+00:00, run_after=2024-05-25 04:43:00+00:00
[2024-05-25T04:43:24.891+0000] {processor.py:183} INFO - Processing /home/airflow/.local/lib/python3.12/site-packages/airflow/example_dags/example_branch_python_dop_operator_3.py took 0.061 seconds
[2024-05-25T04:43:55.455+0000] {processor.py:161} INFO - Started process (PID=233) to work on /home/airflow/.local/lib/python3.12/site-packages/airflow/example_dags/example_branch_python_dop_operator_3.py
[2024-05-25T04:43:55.456+0000] {processor.py:830} INFO - Processing file /home/airflow/.local/lib/python3.12/site-packages/airflow/example_dags/example_branch_python_dop_operator_3.py for tasks to queue
[2024-05-25T04:43:55.457+0000] {logging_mixin.py:188} INFO - [2024-05-25T04:43:55.457+0000] {dagbag.py:545} INFO - Filling up the DagBag from /home/airflow/.local/lib/python3.12/site-packages/airflow/example_dags/example_branch_python_dop_operator_3.py
[2024-05-25T04:43:55.464+0000] {processor.py:840} INFO - DAG(s) 'example_branch_dop_operator_v3' retrieved from /home/airflow/.local/lib/python3.12/site-packages/airflow/example_dags/example_branch_python_dop_operator_3.py
[2024-05-25T04:43:55.478+0000] {logging_mixin.py:188} INFO - [2024-05-25T04:43:55.478+0000] {dag.py:3096} INFO - Sync 1 DAGs
[2024-05-25T04:43:55.496+0000] {logging_mixin.py:188} INFO - [2024-05-25T04:43:55.496+0000] {dag.py:3954} INFO - Setting next_dagrun for example_branch_dop_operator_v3 to 2024-05-25 04:42:00+00:00, run_after=2024-05-25 04:43:00+00:00
[2024-05-25T04:43:55.510+0000] {processor.py:183} INFO - Processing /home/airflow/.local/lib/python3.12/site-packages/airflow/example_dags/example_branch_python_dop_operator_3.py took 0.060 seconds
[2024-05-25T04:44:25.891+0000] {processor.py:161} INFO - Started process (PID=293) to work on /home/airflow/.local/lib/python3.12/site-packages/airflow/example_dags/example_branch_python_dop_operator_3.py
[2024-05-25T04:44:25.892+0000] {processor.py:830} INFO - Processing file /home/airflow/.local/lib/python3.12/site-packages/airflow/example_dags/example_branch_python_dop_operator_3.py for tasks to queue
[2024-05-25T04:44:25.893+0000] {logging_mixin.py:188} INFO - [2024-05-25T04:44:25.893+0000] {dagbag.py:545} INFO - Filling up the DagBag from /home/airflow/.local/lib/python3.12/site-packages/airflow/example_dags/example_branch_python_dop_operator_3.py
[2024-05-25T04:44:25.900+0000] {processor.py:840} INFO - DAG(s) 'example_branch_dop_operator_v3' retrieved from /home/airflow/.local/lib/python3.12/site-packages/airflow/example_dags/example_branch_python_dop_operator_3.py
[2024-05-25T04:44:25.914+0000] {logging_mixin.py:188} INFO - [2024-05-25T04:44:25.913+0000] {dag.py:3096} INFO - Sync 1 DAGs
[2024-05-25T04:44:25.932+0000] {logging_mixin.py:188} INFO - [2024-05-25T04:44:25.931+0000] {dag.py:3954} INFO - Setting next_dagrun for example_branch_dop_operator_v3 to 2024-05-25 04:43:00+00:00, run_after=2024-05-25 04:44:00+00:00
[2024-05-25T04:44:25.944+0000] {processor.py:183} INFO - Processing /home/airflow/.local/lib/python3.12/site-packages/airflow/example_dags/example_branch_python_dop_operator_3.py took 0.057 seconds
