[2024-05-25T04:42:25.053+0000] {processor.py:161} INFO - Started process (PID=69) to work on /home/airflow/.local/lib/python3.12/site-packages/airflow/example_dags/example_setup_teardown.py
[2024-05-25T04:42:25.054+0000] {processor.py:830} INFO - Processing file /home/airflow/.local/lib/python3.12/site-packages/airflow/example_dags/example_setup_teardown.py for tasks to queue
[2024-05-25T04:42:25.055+0000] {logging_mixin.py:188} INFO - [2024-05-25T04:42:25.055+0000] {dagbag.py:545} INFO - Filling up the DagBag from /home/airflow/.local/lib/python3.12/site-packages/airflow/example_dags/example_setup_teardown.py
[2024-05-25T04:42:25.061+0000] {processor.py:840} INFO - DAG(s) 'example_setup_teardown' retrieved from /home/airflow/.local/lib/python3.12/site-packages/airflow/example_dags/example_setup_teardown.py
[2024-05-25T04:42:25.077+0000] {logging_mixin.py:188} INFO - [2024-05-25T04:42:25.077+0000] {dag.py:3096} INFO - Sync 1 DAGs
[2024-05-25T04:42:25.093+0000] {logging_mixin.py:188} INFO - [2024-05-25T04:42:25.093+0000] {dag.py:3954} INFO - Setting next_dagrun for example_setup_teardown to 2024-05-24 00:00:00+00:00, run_after=2024-05-25 00:00:00+00:00
[2024-05-25T04:42:25.107+0000] {processor.py:183} INFO - Processing /home/airflow/.local/lib/python3.12/site-packages/airflow/example_dags/example_setup_teardown.py took 0.058 seconds
[2024-05-25T04:42:55.990+0000] {processor.py:161} INFO - Started process (PID=129) to work on /home/airflow/.local/lib/python3.12/site-packages/airflow/example_dags/example_setup_teardown.py
[2024-05-25T04:42:55.991+0000] {processor.py:830} INFO - Processing file /home/airflow/.local/lib/python3.12/site-packages/airflow/example_dags/example_setup_teardown.py for tasks to queue
[2024-05-25T04:42:55.992+0000] {logging_mixin.py:188} INFO - [2024-05-25T04:42:55.992+0000] {dagbag.py:545} INFO - Filling up the DagBag from /home/airflow/.local/lib/python3.12/site-packages/airflow/example_dags/example_setup_teardown.py
[2024-05-25T04:42:55.997+0000] {processor.py:840} INFO - DAG(s) 'example_setup_teardown' retrieved from /home/airflow/.local/lib/python3.12/site-packages/airflow/example_dags/example_setup_teardown.py
[2024-05-25T04:42:56.012+0000] {logging_mixin.py:188} INFO - [2024-05-25T04:42:56.011+0000] {dag.py:3096} INFO - Sync 1 DAGs
[2024-05-25T04:42:56.028+0000] {logging_mixin.py:188} INFO - [2024-05-25T04:42:56.027+0000] {dag.py:3954} INFO - Setting next_dagrun for example_setup_teardown to 2024-05-24 00:00:00+00:00, run_after=2024-05-25 00:00:00+00:00
[2024-05-25T04:42:56.042+0000] {processor.py:183} INFO - Processing /home/airflow/.local/lib/python3.12/site-packages/airflow/example_dags/example_setup_teardown.py took 0.056 seconds
[2024-05-25T04:43:26.524+0000] {processor.py:161} INFO - Started process (PID=189) to work on /home/airflow/.local/lib/python3.12/site-packages/airflow/example_dags/example_setup_teardown.py
[2024-05-25T04:43:26.525+0000] {processor.py:830} INFO - Processing file /home/airflow/.local/lib/python3.12/site-packages/airflow/example_dags/example_setup_teardown.py for tasks to queue
[2024-05-25T04:43:26.526+0000] {logging_mixin.py:188} INFO - [2024-05-25T04:43:26.526+0000] {dagbag.py:545} INFO - Filling up the DagBag from /home/airflow/.local/lib/python3.12/site-packages/airflow/example_dags/example_setup_teardown.py
[2024-05-25T04:43:26.531+0000] {processor.py:840} INFO - DAG(s) 'example_setup_teardown' retrieved from /home/airflow/.local/lib/python3.12/site-packages/airflow/example_dags/example_setup_teardown.py
[2024-05-25T04:43:26.546+0000] {logging_mixin.py:188} INFO - [2024-05-25T04:43:26.546+0000] {dag.py:3096} INFO - Sync 1 DAGs
[2024-05-25T04:43:26.561+0000] {logging_mixin.py:188} INFO - [2024-05-25T04:43:26.561+0000] {dag.py:3954} INFO - Setting next_dagrun for example_setup_teardown to 2024-05-24 00:00:00+00:00, run_after=2024-05-25 00:00:00+00:00
[2024-05-25T04:43:26.575+0000] {processor.py:183} INFO - Processing /home/airflow/.local/lib/python3.12/site-packages/airflow/example_dags/example_setup_teardown.py took 0.055 seconds
[2024-05-25T04:43:57.060+0000] {processor.py:161} INFO - Started process (PID=249) to work on /home/airflow/.local/lib/python3.12/site-packages/airflow/example_dags/example_setup_teardown.py
[2024-05-25T04:43:57.061+0000] {processor.py:830} INFO - Processing file /home/airflow/.local/lib/python3.12/site-packages/airflow/example_dags/example_setup_teardown.py for tasks to queue
[2024-05-25T04:43:57.062+0000] {logging_mixin.py:188} INFO - [2024-05-25T04:43:57.062+0000] {dagbag.py:545} INFO - Filling up the DagBag from /home/airflow/.local/lib/python3.12/site-packages/airflow/example_dags/example_setup_teardown.py
[2024-05-25T04:43:57.067+0000] {processor.py:840} INFO - DAG(s) 'example_setup_teardown' retrieved from /home/airflow/.local/lib/python3.12/site-packages/airflow/example_dags/example_setup_teardown.py
[2024-05-25T04:43:57.083+0000] {logging_mixin.py:188} INFO - [2024-05-25T04:43:57.083+0000] {dag.py:3096} INFO - Sync 1 DAGs
[2024-05-25T04:43:57.100+0000] {logging_mixin.py:188} INFO - [2024-05-25T04:43:57.100+0000] {dag.py:3954} INFO - Setting next_dagrun for example_setup_teardown to 2024-05-24 00:00:00+00:00, run_after=2024-05-25 00:00:00+00:00
[2024-05-25T04:43:57.115+0000] {processor.py:183} INFO - Processing /home/airflow/.local/lib/python3.12/site-packages/airflow/example_dags/example_setup_teardown.py took 0.060 seconds
[2024-05-25T04:44:27.542+0000] {processor.py:161} INFO - Started process (PID=309) to work on /home/airflow/.local/lib/python3.12/site-packages/airflow/example_dags/example_setup_teardown.py
[2024-05-25T04:44:27.543+0000] {processor.py:830} INFO - Processing file /home/airflow/.local/lib/python3.12/site-packages/airflow/example_dags/example_setup_teardown.py for tasks to queue
[2024-05-25T04:44:27.545+0000] {logging_mixin.py:188} INFO - [2024-05-25T04:44:27.545+0000] {dagbag.py:545} INFO - Filling up the DagBag from /home/airflow/.local/lib/python3.12/site-packages/airflow/example_dags/example_setup_teardown.py
[2024-05-25T04:44:27.550+0000] {processor.py:840} INFO - DAG(s) 'example_setup_teardown' retrieved from /home/airflow/.local/lib/python3.12/site-packages/airflow/example_dags/example_setup_teardown.py
[2024-05-25T04:44:27.563+0000] {logging_mixin.py:188} INFO - [2024-05-25T04:44:27.563+0000] {dag.py:3096} INFO - Sync 1 DAGs
[2024-05-25T04:44:27.578+0000] {logging_mixin.py:188} INFO - [2024-05-25T04:44:27.578+0000] {dag.py:3954} INFO - Setting next_dagrun for example_setup_teardown to 2024-05-24 00:00:00+00:00, run_after=2024-05-25 00:00:00+00:00
[2024-05-25T04:44:27.591+0000] {processor.py:183} INFO - Processing /home/airflow/.local/lib/python3.12/site-packages/airflow/example_dags/example_setup_teardown.py took 0.052 seconds
