[2024-05-25T04:42:23.497+0000] {processor.py:161} INFO - Started process (PID=44) to work on /home/airflow/.local/lib/python3.12/site-packages/airflow/example_dags/example_complex.py
[2024-05-25T04:42:23.498+0000] {processor.py:830} INFO - Processing file /home/airflow/.local/lib/python3.12/site-packages/airflow/example_dags/example_complex.py for tasks to queue
[2024-05-25T04:42:23.500+0000] {logging_mixin.py:188} INFO - [2024-05-25T04:42:23.499+0000] {dagbag.py:545} INFO - Filling up the DagBag from /home/airflow/.local/lib/python3.12/site-packages/airflow/example_dags/example_complex.py
[2024-05-25T04:42:23.511+0000] {processor.py:840} INFO - DAG(s) 'example_complex' retrieved from /home/airflow/.local/lib/python3.12/site-packages/airflow/example_dags/example_complex.py
[2024-05-25T04:42:23.541+0000] {logging_mixin.py:188} INFO - [2024-05-25T04:42:23.541+0000] {dag.py:3096} INFO - Sync 1 DAGs
[2024-05-25T04:42:23.551+0000] {logging_mixin.py:188} INFO - [2024-05-25T04:42:23.551+0000] {dag.py:3954} INFO - Setting next_dagrun for example_complex to None, run_after=None
[2024-05-25T04:42:23.566+0000] {processor.py:183} INFO - Processing /home/airflow/.local/lib/python3.12/site-packages/airflow/example_dags/example_complex.py took 0.073 seconds
[2024-05-25T04:42:53.596+0000] {processor.py:161} INFO - Started process (PID=102) to work on /home/airflow/.local/lib/python3.12/site-packages/airflow/example_dags/example_complex.py
[2024-05-25T04:42:53.597+0000] {processor.py:830} INFO - Processing file /home/airflow/.local/lib/python3.12/site-packages/airflow/example_dags/example_complex.py for tasks to queue
[2024-05-25T04:42:53.598+0000] {logging_mixin.py:188} INFO - [2024-05-25T04:42:53.598+0000] {dagbag.py:545} INFO - Filling up the DagBag from /home/airflow/.local/lib/python3.12/site-packages/airflow/example_dags/example_complex.py
[2024-05-25T04:42:53.606+0000] {processor.py:840} INFO - DAG(s) 'example_complex' retrieved from /home/airflow/.local/lib/python3.12/site-packages/airflow/example_dags/example_complex.py
[2024-05-25T04:42:53.629+0000] {logging_mixin.py:188} INFO - [2024-05-25T04:42:53.629+0000] {dag.py:3096} INFO - Sync 1 DAGs
[2024-05-25T04:42:53.639+0000] {logging_mixin.py:188} INFO - [2024-05-25T04:42:53.638+0000] {dag.py:3954} INFO - Setting next_dagrun for example_complex to None, run_after=None
[2024-05-25T04:42:53.652+0000] {processor.py:183} INFO - Processing /home/airflow/.local/lib/python3.12/site-packages/airflow/example_dags/example_complex.py took 0.060 seconds
[2024-05-25T04:43:24.464+0000] {processor.py:161} INFO - Started process (PID=164) to work on /home/airflow/.local/lib/python3.12/site-packages/airflow/example_dags/example_complex.py
[2024-05-25T04:43:24.465+0000] {processor.py:830} INFO - Processing file /home/airflow/.local/lib/python3.12/site-packages/airflow/example_dags/example_complex.py for tasks to queue
[2024-05-25T04:43:24.467+0000] {logging_mixin.py:188} INFO - [2024-05-25T04:43:24.466+0000] {dagbag.py:545} INFO - Filling up the DagBag from /home/airflow/.local/lib/python3.12/site-packages/airflow/example_dags/example_complex.py
[2024-05-25T04:43:24.474+0000] {processor.py:840} INFO - DAG(s) 'example_complex' retrieved from /home/airflow/.local/lib/python3.12/site-packages/airflow/example_dags/example_complex.py
[2024-05-25T04:43:24.499+0000] {logging_mixin.py:188} INFO - [2024-05-25T04:43:24.499+0000] {dag.py:3096} INFO - Sync 1 DAGs
[2024-05-25T04:43:24.509+0000] {logging_mixin.py:188} INFO - [2024-05-25T04:43:24.509+0000] {dag.py:3954} INFO - Setting next_dagrun for example_complex to None, run_after=None
[2024-05-25T04:43:24.525+0000] {processor.py:183} INFO - Processing /home/airflow/.local/lib/python3.12/site-packages/airflow/example_dags/example_complex.py took 0.066 seconds
[2024-05-25T04:43:55.103+0000] {processor.py:161} INFO - Started process (PID=224) to work on /home/airflow/.local/lib/python3.12/site-packages/airflow/example_dags/example_complex.py
[2024-05-25T04:43:55.104+0000] {processor.py:830} INFO - Processing file /home/airflow/.local/lib/python3.12/site-packages/airflow/example_dags/example_complex.py for tasks to queue
[2024-05-25T04:43:55.105+0000] {logging_mixin.py:188} INFO - [2024-05-25T04:43:55.105+0000] {dagbag.py:545} INFO - Filling up the DagBag from /home/airflow/.local/lib/python3.12/site-packages/airflow/example_dags/example_complex.py
[2024-05-25T04:43:55.113+0000] {processor.py:840} INFO - DAG(s) 'example_complex' retrieved from /home/airflow/.local/lib/python3.12/site-packages/airflow/example_dags/example_complex.py
[2024-05-25T04:43:55.136+0000] {logging_mixin.py:188} INFO - [2024-05-25T04:43:55.136+0000] {dag.py:3096} INFO - Sync 1 DAGs
[2024-05-25T04:43:55.146+0000] {logging_mixin.py:188} INFO - [2024-05-25T04:43:55.146+0000] {dag.py:3954} INFO - Setting next_dagrun for example_complex to None, run_after=None
[2024-05-25T04:43:55.160+0000] {processor.py:183} INFO - Processing /home/airflow/.local/lib/python3.12/site-packages/airflow/example_dags/example_complex.py took 0.061 seconds
[2024-05-25T04:44:25.260+0000] {processor.py:161} INFO - Started process (PID=283) to work on /home/airflow/.local/lib/python3.12/site-packages/airflow/example_dags/example_complex.py
[2024-05-25T04:44:25.261+0000] {processor.py:830} INFO - Processing file /home/airflow/.local/lib/python3.12/site-packages/airflow/example_dags/example_complex.py for tasks to queue
[2024-05-25T04:44:25.262+0000] {logging_mixin.py:188} INFO - [2024-05-25T04:44:25.262+0000] {dagbag.py:545} INFO - Filling up the DagBag from /home/airflow/.local/lib/python3.12/site-packages/airflow/example_dags/example_complex.py
[2024-05-25T04:44:25.270+0000] {processor.py:840} INFO - DAG(s) 'example_complex' retrieved from /home/airflow/.local/lib/python3.12/site-packages/airflow/example_dags/example_complex.py
[2024-05-25T04:44:25.295+0000] {logging_mixin.py:188} INFO - [2024-05-25T04:44:25.295+0000] {dag.py:3096} INFO - Sync 1 DAGs
[2024-05-25T04:44:25.306+0000] {logging_mixin.py:188} INFO - [2024-05-25T04:44:25.306+0000] {dag.py:3954} INFO - Setting next_dagrun for example_complex to None, run_after=None
[2024-05-25T04:44:25.322+0000] {processor.py:183} INFO - Processing /home/airflow/.local/lib/python3.12/site-packages/airflow/example_dags/example_complex.py took 0.067 seconds
