[2024-05-25T04:42:24.595+0000] {processor.py:161} INFO - Started process (PID=64) to work on /home/airflow/.local/lib/python3.12/site-packages/airflow/example_dags/tutorial.py
[2024-05-25T04:42:24.596+0000] {processor.py:830} INFO - Processing file /home/airflow/.local/lib/python3.12/site-packages/airflow/example_dags/tutorial.py for tasks to queue
[2024-05-25T04:42:24.598+0000] {logging_mixin.py:188} INFO - [2024-05-25T04:42:24.597+0000] {dagbag.py:545} INFO - Filling up the DagBag from /home/airflow/.local/lib/python3.12/site-packages/airflow/example_dags/tutorial.py
[2024-05-25T04:42:24.604+0000] {processor.py:840} INFO - DAG(s) 'tutorial' retrieved from /home/airflow/.local/lib/python3.12/site-packages/airflow/example_dags/tutorial.py
[2024-05-25T04:42:24.621+0000] {logging_mixin.py:188} INFO - [2024-05-25T04:42:24.621+0000] {dag.py:3096} INFO - Sync 1 DAGs
[2024-05-25T04:42:24.641+0000] {logging_mixin.py:188} INFO - [2024-05-25T04:42:24.640+0000] {dag.py:3954} INFO - Setting next_dagrun for tutorial to 2024-05-24 00:00:00+00:00, run_after=2024-05-25 00:00:00+00:00
[2024-05-25T04:42:24.655+0000] {processor.py:183} INFO - Processing /home/airflow/.local/lib/python3.12/site-packages/airflow/example_dags/tutorial.py took 0.065 seconds
[2024-05-25T04:42:54.720+0000] {processor.py:161} INFO - Started process (PID=124) to work on /home/airflow/.local/lib/python3.12/site-packages/airflow/example_dags/tutorial.py
[2024-05-25T04:42:54.720+0000] {processor.py:830} INFO - Processing file /home/airflow/.local/lib/python3.12/site-packages/airflow/example_dags/tutorial.py for tasks to queue
[2024-05-25T04:42:54.721+0000] {logging_mixin.py:188} INFO - [2024-05-25T04:42:54.721+0000] {dagbag.py:545} INFO - Filling up the DagBag from /home/airflow/.local/lib/python3.12/site-packages/airflow/example_dags/tutorial.py
[2024-05-25T04:42:54.725+0000] {processor.py:840} INFO - DAG(s) 'tutorial' retrieved from /home/airflow/.local/lib/python3.12/site-packages/airflow/example_dags/tutorial.py
[2024-05-25T04:42:54.740+0000] {logging_mixin.py:188} INFO - [2024-05-25T04:42:54.740+0000] {dag.py:3096} INFO - Sync 1 DAGs
[2024-05-25T04:42:54.756+0000] {logging_mixin.py:188} INFO - [2024-05-25T04:42:54.755+0000] {dag.py:3954} INFO - Setting next_dagrun for tutorial to 2024-05-24 00:00:00+00:00, run_after=2024-05-25 00:00:00+00:00
[2024-05-25T04:42:54.769+0000] {processor.py:183} INFO - Processing /home/airflow/.local/lib/python3.12/site-packages/airflow/example_dags/tutorial.py took 0.053 seconds
[2024-05-25T04:43:25.321+0000] {processor.py:161} INFO - Started process (PID=184) to work on /home/airflow/.local/lib/python3.12/site-packages/airflow/example_dags/tutorial.py
[2024-05-25T04:43:25.322+0000] {processor.py:830} INFO - Processing file /home/airflow/.local/lib/python3.12/site-packages/airflow/example_dags/tutorial.py for tasks to queue
[2024-05-25T04:43:25.323+0000] {logging_mixin.py:188} INFO - [2024-05-25T04:43:25.323+0000] {dagbag.py:545} INFO - Filling up the DagBag from /home/airflow/.local/lib/python3.12/site-packages/airflow/example_dags/tutorial.py
[2024-05-25T04:43:25.327+0000] {processor.py:840} INFO - DAG(s) 'tutorial' retrieved from /home/airflow/.local/lib/python3.12/site-packages/airflow/example_dags/tutorial.py
[2024-05-25T04:43:25.341+0000] {logging_mixin.py:188} INFO - [2024-05-25T04:43:25.340+0000] {dag.py:3096} INFO - Sync 1 DAGs
[2024-05-25T04:43:25.356+0000] {logging_mixin.py:188} INFO - [2024-05-25T04:43:25.356+0000] {dag.py:3954} INFO - Setting next_dagrun for tutorial to 2024-05-24 00:00:00+00:00, run_after=2024-05-25 00:00:00+00:00
[2024-05-25T04:43:25.370+0000] {processor.py:183} INFO - Processing /home/airflow/.local/lib/python3.12/site-packages/airflow/example_dags/tutorial.py took 0.053 seconds
[2024-05-25T04:43:55.858+0000] {processor.py:161} INFO - Started process (PID=244) to work on /home/airflow/.local/lib/python3.12/site-packages/airflow/example_dags/tutorial.py
[2024-05-25T04:43:55.859+0000] {processor.py:830} INFO - Processing file /home/airflow/.local/lib/python3.12/site-packages/airflow/example_dags/tutorial.py for tasks to queue
[2024-05-25T04:43:55.860+0000] {logging_mixin.py:188} INFO - [2024-05-25T04:43:55.860+0000] {dagbag.py:545} INFO - Filling up the DagBag from /home/airflow/.local/lib/python3.12/site-packages/airflow/example_dags/tutorial.py
[2024-05-25T04:43:55.864+0000] {processor.py:840} INFO - DAG(s) 'tutorial' retrieved from /home/airflow/.local/lib/python3.12/site-packages/airflow/example_dags/tutorial.py
[2024-05-25T04:43:55.878+0000] {logging_mixin.py:188} INFO - [2024-05-25T04:43:55.878+0000] {dag.py:3096} INFO - Sync 1 DAGs
[2024-05-25T04:43:55.894+0000] {logging_mixin.py:188} INFO - [2024-05-25T04:43:55.893+0000] {dag.py:3954} INFO - Setting next_dagrun for tutorial to 2024-05-24 00:00:00+00:00, run_after=2024-05-25 00:00:00+00:00
[2024-05-25T04:43:55.907+0000] {processor.py:183} INFO - Processing /home/airflow/.local/lib/python3.12/site-packages/airflow/example_dags/tutorial.py took 0.053 seconds
[2024-05-25T04:44:26.338+0000] {processor.py:161} INFO - Started process (PID=304) to work on /home/airflow/.local/lib/python3.12/site-packages/airflow/example_dags/tutorial.py
[2024-05-25T04:44:26.338+0000] {processor.py:830} INFO - Processing file /home/airflow/.local/lib/python3.12/site-packages/airflow/example_dags/tutorial.py for tasks to queue
[2024-05-25T04:44:26.340+0000] {logging_mixin.py:188} INFO - [2024-05-25T04:44:26.340+0000] {dagbag.py:545} INFO - Filling up the DagBag from /home/airflow/.local/lib/python3.12/site-packages/airflow/example_dags/tutorial.py
[2024-05-25T04:44:26.344+0000] {processor.py:840} INFO - DAG(s) 'tutorial' retrieved from /home/airflow/.local/lib/python3.12/site-packages/airflow/example_dags/tutorial.py
[2024-05-25T04:44:26.357+0000] {logging_mixin.py:188} INFO - [2024-05-25T04:44:26.357+0000] {dag.py:3096} INFO - Sync 1 DAGs
[2024-05-25T04:44:26.372+0000] {logging_mixin.py:188} INFO - [2024-05-25T04:44:26.372+0000] {dag.py:3954} INFO - Setting next_dagrun for tutorial to 2024-05-24 00:00:00+00:00, run_after=2024-05-25 00:00:00+00:00
[2024-05-25T04:44:26.384+0000] {processor.py:183} INFO - Processing /home/airflow/.local/lib/python3.12/site-packages/airflow/example_dags/tutorial.py took 0.050 seconds
