[2024-05-23T08:39:17.775+0000] {local_task_job_runner.py:120} INFO - ::group::Pre task execution logs
[2024-05-23T08:39:17.793+0000] {taskinstance.py:2076} INFO - Dependencies all met for dep_context=non-requeueable deps ti=<TaskInstance: Customer_Prosensity_DAG.create_account_table manual__2024-05-23T08:39:12.767875+00:00 [queued]>
[2024-05-23T08:39:17.798+0000] {taskinstance.py:2076} INFO - Dependencies all met for dep_context=requeueable deps ti=<TaskInstance: Customer_Prosensity_DAG.create_account_table manual__2024-05-23T08:39:12.767875+00:00 [queued]>
[2024-05-23T08:39:17.799+0000] {taskinstance.py:2306} INFO - Starting attempt 1 of 6
[2024-05-23T08:39:17.808+0000] {taskinstance.py:2330} INFO - Executing <Task(SQLExecuteQueryOperator): create_account_table> on 2024-05-23 08:39:12.767875+00:00
[2024-05-23T08:39:17.814+0000] {warnings.py:110} WARNING - /home/***/.local/lib/python3.12/site-packages/***/task/task_runner/standard_task_runner.py:61: DeprecationWarning: This process (pid=236) is multi-threaded, use of fork() may lead to deadlocks in the child.
  pid = os.fork()

[2024-05-23T08:39:17.815+0000] {standard_task_runner.py:63} INFO - Started process 238 to run task
[2024-05-23T08:39:17.815+0000] {standard_task_runner.py:90} INFO - Running: ['***', 'tasks', 'run', 'Customer_Prosensity_DAG', 'create_account_table', 'manual__2024-05-23T08:39:12.767875+00:00', '--job-id', '4406', '--raw', '--subdir', 'DAGS_FOLDER/dag_with_customer_sqlite3.py', '--cfg-path', '/tmp/tmpq3icice6']
[2024-05-23T08:39:17.816+0000] {standard_task_runner.py:91} INFO - Job 4406: Subtask create_account_table
[2024-05-23T08:39:17.847+0000] {task_command.py:426} INFO - Running <TaskInstance: Customer_Prosensity_DAG.create_account_table manual__2024-05-23T08:39:12.767875+00:00 [running]> on host cb453a136ab9
[2024-05-23T08:39:17.897+0000] {taskinstance.py:2648} INFO - Exporting env vars: AIRFLOW_CTX_DAG_OWNER='NhơnVõ' AIRFLOW_CTX_DAG_ID='Customer_Prosensity_DAG' AIRFLOW_CTX_TASK_ID='create_account_table' AIRFLOW_CTX_EXECUTION_DATE='2024-05-23T08:39:12.767875+00:00' AIRFLOW_CTX_TRY_NUMBER='1' AIRFLOW_CTX_DAG_RUN_ID='manual__2024-05-23T08:39:12.767875+00:00'
[2024-05-23T08:39:17.898+0000] {taskinstance.py:430} INFO - ::endgroup::
[2024-05-23T08:39:17.898+0000] {sql.py:276} INFO - Executing: 
            CREATE TABLE IF NOT EXISTS Account (
                username TEXT,
                password TEXT,
                user_ID TEXT PRIMARY KEY,
                gender CHAR(1),
                email TEXT,
                is_admin BOOLEAN,
                is_user BOOLEAN
            );
        
[2024-05-23T08:39:17.904+0000] {base.py:84} INFO - Using connection ID 'sqlite_default' for task execution.
[2024-05-23T08:39:17.913+0000] {base.py:84} INFO - Using connection ID 'sqlite_default' for task execution.
[2024-05-23T08:39:17.914+0000] {sql.py:470} INFO - Running statement: 
            CREATE TABLE IF NOT EXISTS Account (
                username TEXT,
                password TEXT,
                user_ID TEXT PRIMARY KEY,
                gender CHAR(1),
                email TEXT,
                is_admin BOOLEAN,
                is_user BOOLEAN
            );
        , parameters: None
[2024-05-23T08:39:17.916+0000] {taskinstance.py:441} INFO - ::group::Post task execution logs
[2024-05-23T08:39:17.922+0000] {taskinstance.py:1206} INFO - Marking task as SUCCESS. dag_id=Customer_Prosensity_DAG, task_id=create_account_table, run_id=manual__2024-05-23T08:39:12.767875+00:00, execution_date=20240523T083912, start_date=20240523T083917, end_date=20240523T083917
[2024-05-23T08:39:17.948+0000] {local_task_job_runner.py:240} INFO - Task exited with return code 0
[2024-05-23T08:39:17.968+0000] {taskinstance.py:3498} INFO - 1 downstream tasks scheduled from follow-on schedule check
[2024-05-23T08:39:17.970+0000] {local_task_job_runner.py:222} INFO - ::endgroup::
